#
# A fatal error has been detected by the Java Runtime Environment:
#
#  EXCEPTION_ACCESS_VIOLATION (0xc0000005) at pc=0x00007ffc5d5b1a99, pid=18220, tid=7804
#
# JRE version: Java(TM) SE Runtime Environment (8.0_77-b03) (build 1.8.0_77-b03)
# Java VM: Java HotSpot(TM) 64-Bit Server VM (25.77-b03 mixed mode windows-amd64 compressed oops)
# Problematic frame:
# C  [VCRUNTIME140D.dll+0x1a99]
#
# Failed to write core dump. Minidumps are not enabled by default on client versions of Windows
#
# If you would like to submit a bug report, please visit:
#   http://bugreport.java.com/bugreport/crash.jsp
# The crash happened outside the Java Virtual Machine in native code.
# See problematic frame for where to report the bug.
#

---------------  T H R E A D  ---------------

Current thread (0x0000000020cb3800):  JavaThread "http-nio-8080-exec-1" daemon [_thread_in_native, id=7804, stack(0x00000000222f0000,0x00000000223f0000)]

siginfo: ExceptionCode=0xc0000005, writing address 0x0000000000000000

Registers:
RAX=0x0000000000000000, RBX=0x00000000220fd2c0, RCX=0xffffffffcccccccc, RDX=0x00000000223eccd8
RSP=0x00000000223ec838, RBP=0x00000000223ec860, RSI=0x0000000020cb3800, RDI=0x0000000000000000
R8 =0xffffffffcccccccc, R9 =0x0000000000000000, R10=0x0000000000000016, R11=0x0000000000000000
R12=0x0000000000000000, R13=0x00000000220fd2a8, R14=0x00000000223ed0a8, R15=0x0000000020cb3800
RIP=0x00007ffc5d5b1a99, EFLAGS=0x0000000000010283

Top of Stack: (sp=0x00000000223ec838)
0x00000000223ec838:   00007ffc5d923199 ffffffffcccccccc
0x00000000223ec848:   00007ffc5d921172 0000000020cb3800
0x00000000223ec858:   0000000000000000 cccccccccccccccc
0x00000000223ec868:   cccccccccccccccc 0000000002020202
0x00000000223ec878:   cccccccccccccccc 206b636f536e6957
0x00000000223ec888:   cccccccc00302e32 cccccccccccccccc
0x00000000223ec898:   cccccccccccccccc cccccccccccccccc
0x00000000223ec8a8:   cccccccccccccccc cccccccccccccccc
0x00000000223ec8b8:   cccccccccccccccc cccccccccccccccc
0x00000000223ec8c8:   cccccccccccccccc cccccccccccccccc
0x00000000223ec8d8:   cccccccccccccccc cccccccccccccccc
0x00000000223ec8e8:   cccccccccccccccc cccccccccccccccc
0x00000000223ec8f8:   cccccccccccccccc cccccccccccccccc
0x00000000223ec908:   cccccccccccccccc cccccccccccccccc
0x00000000223ec918:   cccccccccccccccc cccccccccccccccc
0x00000000223ec928:   cccccccccccccccc cccccccccccccccc 

Instructions: (pc=0x00007ffc5d5b1a99)
0x00007ffc5d5b1a79:   f8 80 00 00 00 0f 86 7c 00 00 00 0f ba 25 8c a9
0x00007ffc5d5b1a89:   01 00 01 73 22 8b c2 48 8b d7 48 8b f9 49 8b c8
0x00007ffc5d5b1a99:   f3 aa 48 8b fa 49 8b c3 c3 66 66 66 66 66 66 0f
0x00007ffc5d5b1aa9:   1f 84 00 00 00 00 00 0f 11 01 4c 03 c1 48 83 c1 


Register to memory mapping:

RAX=0x0000000000000000 is an unknown value
RBX={method} {0x00000000220fd2c8} 'EncryptineConnect' '(Ljava/lang/String;Ljava/lang/String;Ljava/lang/String;Ljava/lang/String;Ljava/lang/String;)Ljava/lang/String;' in 'jni/client'
RCX=0xffffffffcccccccc is an unknown value
RDX=0x00000000223eccd8 is pointing into the stack for thread: 0x0000000020cb3800
RSP=0x00000000223ec838 is pointing into the stack for thread: 0x0000000020cb3800
RBP=0x00000000223ec860 is pointing into the stack for thread: 0x0000000020cb3800
RSI=0x0000000020cb3800 is a thread
RDI=0x0000000000000000 is an unknown value
R8 =0xffffffffcccccccc is an unknown value
R9 =0x0000000000000000 is an unknown value
R10=0x0000000000000016 is an unknown value
R11=0x0000000000000000 is an unknown value
R12=0x0000000000000000 is an unknown value
R13=0x00000000220fd2a8 is pointing into metadata
R14=0x00000000223ed0a8 is pointing into the stack for thread: 0x0000000020cb3800
R15=0x0000000020cb3800 is a thread


Stack: [0x00000000222f0000,0x00000000223f0000],  sp=0x00000000223ec838,  free space=1010k
Native frames: (J=compiled Java code, j=interpreted, Vv=VM code, C=native code)
C  [VCRUNTIME140D.dll+0x1a99]
C  [JNIWin.dll+0x13199]
C  [JNIWin.dll+0x12cef]
C  [JNIWin.dll+0x163a2]
C  0x0000000002765e34

Java frames: (J=compiled Java code, j=interpreted, Vv=VM code)
j  jni.client.EncryptineConnect(Ljava/lang/String;Ljava/lang/String;Ljava/lang/String;Ljava/lang/String;Ljava/lang/String;)Ljava/lang/String;+0
j  com.hello.jni.Hello.test()Ljava/lang/String;+27
v  ~StubRoutines::call_stub
J 2015  sun.reflect.NativeMethodAccessorImpl.invoke0(Ljava/lang/reflect/Method;Ljava/lang/Object;[Ljava/lang/Object;)Ljava/lang/Object; (0 bytes) @ 0x0000000002b94e7f [0x0000000002b94e00+0x7f]
J 2014 C1 sun.reflect.NativeMethodAccessorImpl.invoke(Ljava/lang/Object;[Ljava/lang/Object;)Ljava/lang/Object; (104 bytes) @ 0x0000000002b97d14 [0x0000000002b97960+0x3b4]
J 1450 C1 sun.reflect.DelegatingMethodAccessorImpl.invoke(Ljava/lang/Object;[Ljava/lang/Object;)Ljava/lang/Object; (10 bytes) @ 0x0000000002a786a4 [0x0000000002a78660+0x44]
J 1449 C1 java.lang.reflect.Method.invoke(Ljava/lang/Object;[Ljava/lang/Object;)Ljava/lang/Object; (62 bytes) @ 0x0000000002a782cc [0x0000000002a781e0+0xec]
j  org.springframework.web.method.support.InvocableHandlerMethod.doInvoke([Ljava/lang/Object;)Ljava/lang/Object;+16
j  org.springframework.web.method.support.InvocableHandlerMethod.invokeForRequest(Lorg/springframework/web/context/request/NativeWebRequest;Lorg/springframework/web/method/support/ModelAndViewContainer;[Ljava/lang/Object;)Ljava/lang/Object;+56
j  org.springframework.web.servlet.mvc.method.annotation.ServletInvocableHandlerMethod.invokeAndHandle(Lorg/springframework/web/context/request/ServletWebRequest;Lorg/springframework/web/method/support/ModelAndViewContainer;[Ljava/lang/Object;)V+4
j  org.springframework.web.servlet.mvc.method.annotation.RequestMappingHandlerAdapter.invokeHandlerMethod(Ljavax/servlet/http/HttpServletRequest;Ljavax/servlet/http/HttpServletResponse;Lorg/springframework/web/method/HandlerMethod;)Lorg/springframework/web/servlet/ModelAndView;+244
j  org.springframework.web.servlet.mvc.method.annotation.RequestMappingHandlerAdapter.handleInternal(Ljavax/servlet/http/HttpServletRequest;Ljavax/servlet/http/HttpServletResponse;Lorg/springframework/web/method/HandlerMethod;)Lorg/springframework/web/servlet/ModelAndView;+81
j  org.springframework.web.servlet.mvc.method.AbstractHandlerMethodAdapter.handle(Ljavax/servlet/http/HttpServletRequest;Ljavax/servlet/http/HttpServletResponse;Ljava/lang/Object;)Lorg/springframework/web/servlet/ModelAndView;+7
j  org.springframework.web.servlet.DispatcherServlet.doDispatch(Ljavax/servlet/http/HttpServletRequest;Ljavax/servlet/http/HttpServletResponse;)V+257
j  org.springframework.web.servlet.DispatcherServlet.doService(Ljavax/servlet/http/HttpServletRequest;Ljavax/servlet/http/HttpServletResponse;)V+212
j  org.springframework.web.servlet.FrameworkServlet.processRequest(Ljavax/servlet/http/HttpServletRequest;Ljavax/servlet/http/HttpServletResponse;)V+71
j  org.springframework.web.servlet.FrameworkServlet.doGet(Ljavax/servlet/http/HttpServletRequest;Ljavax/servlet/http/HttpServletResponse;)V+3
j  javax.servlet.http.HttpServlet.service(Ljavax/servlet/http/HttpServletRequest;Ljavax/servlet/http/HttpServletResponse;)V+35
j  org.springframework.web.servlet.FrameworkServlet.service(Ljavax/servlet/http/HttpServletRequest;Ljavax/servlet/http/HttpServletResponse;)V+33
j  javax.servlet.http.HttpServlet.service(Ljavax/servlet/ServletRequest;Ljavax/servlet/ServletResponse;)V+36
j  org.apache.catalina.core.ApplicationFilterChain.internalDoFilter(Ljavax/servlet/ServletRequest;Ljavax/servlet/ServletResponse;)V+304
j  org.apache.catalina.core.ApplicationFilterChain.doFilter(Ljavax/servlet/ServletRequest;Ljavax/servlet/ServletResponse;)V+101
j  org.apache.tomcat.websocket.server.WsFilter.doFilter(Ljavax/servlet/ServletRequest;Ljavax/servlet/ServletResponse;Ljavax/servlet/FilterChain;)V+21
j  org.apache.catalina.core.ApplicationFilterChain.internalDoFilter(Ljavax/servlet/ServletRequest;Ljavax/servlet/ServletResponse;)V+135
j  org.apache.catalina.core.ApplicationFilterChain.doFilter(Ljavax/servlet/ServletRequest;Ljavax/servlet/ServletResponse;)V+101
j  org.springframework.web.filter.RequestContextFilter.doFilterInternal(Ljavax/servlet/http/HttpServletRequest;Ljavax/servlet/http/HttpServletResponse;Ljavax/servlet/FilterChain;)V+21
j  org.springframework.web.filter.OncePerRequestFilter.doFilter(Ljavax/servlet/ServletRequest;Ljavax/servlet/ServletResponse;Ljavax/servlet/FilterChain;)V+111
j  org.apache.catalina.core.ApplicationFilterChain.internalDoFilter(Ljavax/servlet/ServletRequest;Ljavax/servlet/ServletResponse;)V+135
j  org.apache.catalina.core.ApplicationFilterChain.doFilter(Ljavax/servlet/ServletRequest;Ljavax/servlet/ServletResponse;)V+101
j  org.springframework.web.filter.FormContentFilter.doFilterInternal(Ljavax/servlet/http/HttpServletRequest;Ljavax/servlet/http/HttpServletResponse;Ljavax/servlet/FilterChain;)V+38
j  org.springframework.web.filter.OncePerRequestFilter.doFilter(Ljavax/servlet/ServletRequest;Ljavax/servlet/ServletResponse;Ljavax/servlet/FilterChain;)V+111
j  org.apache.catalina.core.ApplicationFilterChain.internalDoFilter(Ljavax/servlet/ServletRequest;Ljavax/servlet/ServletResponse;)V+135
j  org.apache.catalina.core.ApplicationFilterChain.doFilter(Ljavax/servlet/ServletRequest;Ljavax/servlet/ServletResponse;)V+101
j  org.springframework.web.filter.HiddenHttpMethodFilter.doFilterInternal(Ljavax/servlet/http/HttpServletRequest;Ljavax/servlet/http/HttpServletResponse;Ljavax/servlet/FilterChain;)V+87
j  org.springframework.web.filter.OncePerRequestFilter.doFilter(Ljavax/servlet/ServletRequest;Ljavax/servlet/ServletResponse;Ljavax/servlet/FilterChain;)V+111
j  org.apache.catalina.core.ApplicationFilterChain.internalDoFilter(Ljavax/servlet/ServletRequest;Ljavax/servlet/ServletResponse;)V+135
j  org.apache.catalina.core.ApplicationFilterChain.doFilter(Ljavax/servlet/ServletRequest;Ljavax/servlet/ServletResponse;)V+101
j  org.springframework.web.filter.CharacterEncodingFilter.doFilterInternal(Ljavax/servlet/http/HttpServletRequest;Ljavax/servlet/http/HttpServletResponse;Ljavax/servlet/FilterChain;)V+53
j  org.springframework.web.filter.OncePerRequestFilter.doFilter(Ljavax/servlet/ServletRequest;Ljavax/servlet/ServletResponse;Ljavax/servlet/FilterChain;)V+111
j  org.apache.catalina.core.ApplicationFilterChain.internalDoFilter(Ljavax/servlet/ServletRequest;Ljavax/servlet/ServletResponse;)V+135
j  org.apache.catalina.core.ApplicationFilterChain.doFilter(Ljavax/servlet/ServletRequest;Ljavax/servlet/ServletResponse;)V+101
j  org.apache.catalina.core.StandardWrapperValve.invoke(Lorg/apache/catalina/connector/Request;Lorg/apache/catalina/connector/Response;)V+688
j  org.apache.catalina.core.StandardContextValve.invoke(Lorg/apache/catalina/connector/Request;Lorg/apache/catalina/connector/Response;)V+166
j  org.apache.catalina.authenticator.AuthenticatorBase.invoke(Lorg/apache/catalina/connector/Request;Lorg/apache/catalina/connector/Response;)V+260
j  org.apache.catalina.core.StandardHostValve.invoke(Lorg/apache/catalina/connector/Request;Lorg/apache/catalina/connector/Response;)V+114
j  org.apache.catalina.valves.ErrorReportValve.invoke(Lorg/apache/catalina/connector/Request;Lorg/apache/catalina/connector/Response;)V+6
j  org.apache.catalina.core.StandardEngineValve.invoke(Lorg/apache/catalina/connector/Request;Lorg/apache/catalina/connector/Response;)V+45
j  org.apache.catalina.connector.CoyoteAdapter.service(Lorg/apache/coyote/Request;Lorg/apache/coyote/Response;)V+199
j  org.apache.coyote.http11.Http11Processor.service(Lorg/apache/tomcat/util/net/SocketWrapperBase;)Lorg/apache/tomcat/util/net/AbstractEndpoint$Handler$SocketState;+791
j  org.apache.coyote.AbstractProcessorLight.process(Lorg/apache/tomcat/util/net/SocketWrapperBase;Lorg/apache/tomcat/util/net/SocketEvent;)Lorg/apache/tomcat/util/net/AbstractEndpoint$Handler$SocketState;+113
j  org.apache.coyote.AbstractProtocol$ConnectionHandler.process(Lorg/apache/tomcat/util/net/SocketWrapperBase;Lorg/apache/tomcat/util/net/SocketEvent;)Lorg/apache/tomcat/util/net/AbstractEndpoint$Handler$SocketState;+414
j  org.apache.tomcat.util.net.NioEndpoint$SocketProcessor.doRun()V+191
j  org.apache.tomcat.util.net.SocketProcessorBase.run()V+21
j  java.util.concurrent.ThreadPoolExecutor.runWorker(Ljava/util/concurrent/ThreadPoolExecutor$Worker;)V+95
j  java.util.concurrent.ThreadPoolExecutor$Worker.run()V+5
j  org.apache.tomcat.util.threads.TaskThread$WrappingRunnable.run()V+4
j  java.lang.Thread.run()V+11
v  ~StubRoutines::call_stub

---------------  P R O C E S S  ---------------

Java Threads: ( => current thread )
  0x0000000020cbe800 JavaThread "DestroyJavaVM" [_thread_blocked, id=4636, stack(0x0000000002550000,0x0000000002650000)]
  0x0000000020cc3000 JavaThread "http-nio-8080-Acceptor-0" daemon [_thread_in_native, id=11508, stack(0x0000000022ef0000,0x0000000022ff0000)]
  0x0000000020cc5000 JavaThread "http-nio-8080-ClientPoller-1" daemon [_thread_in_native, id=9444, stack(0x0000000022df0000,0x0000000022ef0000)]
  0x0000000020cc3800 JavaThread "http-nio-8080-ClientPoller-0" daemon [_thread_in_native, id=17516, stack(0x0000000022cf0000,0x0000000022df0000)]
  0x0000000020cc4800 JavaThread "http-nio-8080-exec-10" daemon [_thread_blocked, id=16944, stack(0x0000000022bf0000,0x0000000022cf0000)]
  0x0000000020aaf000 JavaThread "http-nio-8080-exec-9" daemon [_thread_blocked, id=20308, stack(0x0000000022af0000,0x0000000022bf0000)]
  0x0000000020aac800 JavaThread "http-nio-8080-exec-8" daemon [_thread_blocked, id=7208, stack(0x00000000229f0000,0x0000000022af0000)]
  0x0000000020aae000 JavaThread "http-nio-8080-exec-7" daemon [_thread_blocked, id=13448, stack(0x00000000228f0000,0x00000000229f0000)]
  0x0000000020aad800 JavaThread "http-nio-8080-exec-6" daemon [_thread_blocked, id=16952, stack(0x00000000227f0000,0x00000000228f0000)]
  0x0000000020aac000 JavaThread "http-nio-8080-exec-5" daemon [_thread_blocked, id=7868, stack(0x00000000226f0000,0x00000000227f0000)]
  0x0000000020cb5800 JavaThread "http-nio-8080-exec-4" daemon [_thread_blocked, id=4176, stack(0x00000000225f0000,0x00000000226f0000)]
  0x0000000020cb5000 JavaThread "http-nio-8080-exec-3" daemon [_thread_blocked, id=17180, stack(0x00000000224f0000,0x00000000225f0000)]
  0x0000000020cb4000 JavaThread "http-nio-8080-exec-2" daemon [_thread_blocked, id=15732, stack(0x00000000223f0000,0x00000000224f0000)]
=>0x0000000020cb3800 JavaThread "http-nio-8080-exec-1" daemon [_thread_in_native, id=7804, stack(0x00000000222f0000,0x00000000223f0000)]
  0x0000000020cb2800 JavaThread "NioBlockingSelector.BlockPoller-1" daemon [_thread_in_native, id=5748, stack(0x00000000221f0000,0x00000000222f0000)]
  0x0000000020c07800 JavaThread "container-0" [_thread_blocked, id=6392, stack(0x0000000021ef0000,0x0000000021ff0000)]
  0x0000000020bfd000 JavaThread "Catalina-utility-2" [_thread_blocked, id=9280, stack(0x0000000021df0000,0x0000000021ef0000)]
  0x0000000020be4800 JavaThread "Catalina-utility-1" [_thread_blocked, id=16184, stack(0x0000000021cf0000,0x0000000021df0000)]
  0x000000001edce000 JavaThread "RMI TCP Accept-0" daemon [_thread_in_native, id=17228, stack(0x000000001f770000,0x000000001f870000)]
  0x000000001e4da000 JavaThread "RMI TCP Accept-4173" daemon [_thread_in_native, id=5664, stack(0x000000001f670000,0x000000001f770000)]
  0x000000001e4be000 JavaThread "RMI TCP Accept-0" daemon [_thread_in_native, id=3236, stack(0x000000001f570000,0x000000001f670000)]
  0x000000001e23f000 JavaThread "Service Thread" daemon [_thread_blocked, id=1784, stack(0x000000001ec70000,0x000000001ed70000)]
  0x000000001e1b4000 JavaThread "C1 CompilerThread3" daemon [_thread_blocked, id=18020, stack(0x000000001eb70000,0x000000001ec70000)]
  0x000000001e1a9800 JavaThread "C2 CompilerThread2" daemon [_thread_blocked, id=11240, stack(0x000000001ea70000,0x000000001eb70000)]
  0x000000001e1a0800 JavaThread "C2 CompilerThread1" daemon [_thread_blocked, id=12132, stack(0x000000001e970000,0x000000001ea70000)]
  0x000000001e19e800 JavaThread "C2 CompilerThread0" daemon [_thread_blocked, id=5652, stack(0x000000001e870000,0x000000001e970000)]
  0x000000001e199000 JavaThread "Attach Listener" daemon [_thread_blocked, id=4212, stack(0x000000001e770000,0x000000001e870000)]
  0x000000001e198800 JavaThread "Signal Dispatcher" daemon [_thread_blocked, id=2948, stack(0x000000001e670000,0x000000001e770000)]
  0x000000001e130800 JavaThread "Finalizer" daemon [_thread_blocked, id=11160, stack(0x000000001e510000,0x000000001e610000)]
  0x000000001c23c800 JavaThread "Reference Handler" daemon [_thread_blocked, id=12640, stack(0x000000001e010000,0x000000001e110000)]

Other Threads:
  0x000000001c238800 VMThread [stack: 0x000000001df10000,0x000000001e010000] [id=13216]
  0x000000001e50d800 WatcherThread [stack: 0x000000001f870000,0x000000001f970000] [id=232]

VM state:not at safepoint (normal execution)

VM Mutex/Monitor currently owned by a thread: None

Heap:
 PSYoungGen      total 76288K, used 66318K [0x000000076af80000, 0x0000000772a80000, 0x00000007c0000000)
  eden space 65536K, 84% used [0x000000076af80000,0x000000076e5ca410,0x000000076ef80000)
  from space 10752K, 99% used [0x000000076ef80000,0x000000076f9f9500,0x000000076fa00000)
  to   space 10752K, 0% used [0x0000000772000000,0x0000000772000000,0x0000000772a80000)
 ParOldGen       total 97280K, used 10210K [0x00000006c0e00000, 0x00000006c6d00000, 0x000000076af80000)
  object space 97280K, 10% used [0x00000006c0e00000,0x00000006c17f8928,0x00000006c6d00000)
 Metaspace       used 30675K, capacity 32196K, committed 32384K, reserved 1077248K
  class space    used 4167K, capacity 4444K, committed 4480K, reserved 1048576K

Card table byte_map: [0x0000000011b10000,0x0000000012310000] byte_map_base: 0x000000000e509000

Marking Bits: (ParMarkBitMap*) 0x000000006adc0600
 Begin Bits: [0x0000000013070000, 0x0000000017038000)
 End Bits:   [0x0000000017038000, 0x000000001b000000)

Polling page: 0x0000000000960000

CodeCache: size=245760Kb used=5933Kb max_used=5933Kb free=239826Kb
 bounds [0x0000000002750000, 0x0000000002d20000, 0x0000000011750000]
 total_blobs=3247 nmethods=2827 adapters=332
 compilation: enabled

Compilation events (10 events):
Event: 5.176 Thread 0x000000001e1b4000 2823   !   1       org.springframework.beans.factory.support.DefaultListableBeanFactory::doGetBeanNamesForType (593 bytes)
Event: 5.178 Thread 0x000000001e1b4000 nmethod 2823 0x0000000002d15d10 code [0x0000000002d161e0, 0x0000000002d18558]
Event: 5.178 Thread 0x000000001e1b4000 2824       1       java.lang.Class::getMethods (17 bytes)
Event: 5.178 Thread 0x000000001e1b4000 nmethod 2824 0x0000000002d1a850 code [0x0000000002d1a9e0, 0x0000000002d1ab78]
Event: 5.178 Thread 0x000000001e1b4000 2825       1       org.springframework.beans.factory.support.AbstractBeanFactory::getBean (9 bytes)
Event: 5.178 Thread 0x000000001e1b4000 nmethod 2825 0x0000000002d1ac50 code [0x0000000002d1ada0, 0x0000000002d1aee8]
Event: 5.178 Thread 0x000000001e1b4000 2826       1       org.springframework.beans.factory.support.AbstractAutowireCapableBeanFactory::getInstantiationStrategy (5 bytes)
Event: 5.178 Thread 0x000000001e1b4000 nmethod 2826 0x0000000002d1af90 code [0x0000000002d1b0e0, 0x0000000002d1b1f0]
Event: 5.189 Thread 0x000000001e1b4000 2827       1       java.io.ExpiringCache::access$000 (5 bytes)
Event: 5.190 Thread 0x000000001e1b4000 nmethod 2827 0x0000000002d1b250 code [0x0000000002d1b3a0, 0x0000000002d1b490]

GC Heap History (8 events):
Event: 1.421 GC heap before
{Heap before GC invocations=1 (full 0):
 PSYoungGen      total 76288K, used 65536K [0x000000076af80000, 0x0000000770480000, 0x00000007c0000000)
  eden space 65536K, 100% used [0x000000076af80000,0x000000076ef80000,0x000000076ef80000)
  from space 10752K, 0% used [0x000000076fa00000,0x000000076fa00000,0x0000000770480000)
  to   space 10752K, 0% used [0x000000076ef80000,0x000000076ef80000,0x000000076fa00000)
 ParOldGen       total 175104K, used 0K [0x00000006c0e00000, 0x00000006cb900000, 0x000000076af80000)
  object space 175104K, 0% used [0x00000006c0e00000,0x00000006c0e00000,0x00000006cb900000)
 Metaspace       used 15809K, capacity 16306K, committed 16512K, reserved 1062912K
  class space    used 2174K, capacity 2309K, committed 2432K, reserved 1048576K
Event: 1.429 GC heap after
Heap after GC invocations=1 (full 0):
 PSYoungGen      total 76288K, used 10134K [0x000000076af80000, 0x0000000770480000, 0x00000007c0000000)
  eden space 65536K, 0% used [0x000000076af80000,0x000000076af80000,0x000000076ef80000)
  from space 10752K, 94% used [0x000000076ef80000,0x000000076f965830,0x000000076fa00000)
  to   space 10752K, 0% used [0x000000076fa00000,0x000000076fa00000,0x0000000770480000)
 ParOldGen       total 175104K, used 16K [0x00000006c0e00000, 0x00000006cb900000, 0x000000076af80000)
  object space 175104K, 0% used [0x00000006c0e00000,0x00000006c0e04000,0x00000006cb900000)
 Metaspace       used 15809K, capacity 16306K, committed 16512K, reserved 1062912K
  class space    used 2174K, capacity 2309K, committed 2432K, reserved 1048576K
}
Event: 1.558 GC heap before
{Heap before GC invocations=2 (full 0):
 PSYoungGen      total 76288K, used 42618K [0x000000076af80000, 0x0000000770480000, 0x00000007c0000000)
  eden space 65536K, 49% used [0x000000076af80000,0x000000076cf39360,0x000000076ef80000)
  from space 10752K, 94% used [0x000000076ef80000,0x000000076f965830,0x000000076fa00000)
  to   space 10752K, 0% used [0x000000076fa00000,0x000000076fa00000,0x0000000770480000)
 ParOldGen       total 175104K, used 16K [0x00000006c0e00000, 0x00000006cb900000, 0x000000076af80000)
  object space 175104K, 0% used [0x00000006c0e00000,0x00000006c0e04000,0x00000006cb900000)
 Metaspace       used 20618K, capacity 21200K, committed 21296K, reserved 1067008K
  class space    used 2779K, capacity 2934K, committed 2944K, reserved 1048576K
Event: 1.565 GC heap after
Heap after GC invocations=2 (full 0):
 PSYoungGen      total 76288K, used 9279K [0x000000076af80000, 0x0000000774480000, 0x00000007c0000000)
  eden space 65536K, 0% used [0x000000076af80000,0x000000076af80000,0x000000076ef80000)
  from space 10752K, 86% used [0x000000076fa00000,0x000000077030fcd8,0x0000000770480000)
  to   space 10752K, 0% used [0x000000076ef80000,0x000000076ef80000,0x000000076fa00000)
 ParOldGen       total 175104K, used 88K [0x00000006c0e00000, 0x00000006cb900000, 0x000000076af80000)
  object space 175104K, 0% used [0x00000006c0e00000,0x00000006c0e16010,0x00000006cb900000)
 Metaspace       used 20618K, capacity 21200K, committed 21296K, reserved 1067008K
  class space    used 2779K, capacity 2934K, committed 2944K, reserved 1048576K
}
Event: 1.565 GC heap before
{Heap before GC invocations=3 (full 1):
 PSYoungGen      total 76288K, used 9279K [0x000000076af80000, 0x0000000774480000, 0x00000007c0000000)
  eden space 65536K, 0% used [0x000000076af80000,0x000000076af80000,0x000000076ef80000)
  from space 10752K, 86% used [0x000000076fa00000,0x000000077030fcd8,0x0000000770480000)
  to   space 10752K, 0% used [0x000000076ef80000,0x000000076ef80000,0x000000076fa00000)
 ParOldGen       total 175104K, used 88K [0x00000006c0e00000, 0x00000006cb900000, 0x000000076af80000)
  object space 175104K, 0% used [0x00000006c0e00000,0x00000006c0e16010,0x00000006cb900000)
 Metaspace       used 20618K, capacity 21200K, committed 21296K, reserved 1067008K
  class space    used 2779K, capacity 2934K, committed 2944K, reserved 1048576K
Event: 1.586 GC heap after
Heap after GC invocations=3 (full 1):
 PSYoungGen      total 76288K, used 0K [0x000000076af80000, 0x0000000774480000, 0x00000007c0000000)
  eden space 65536K, 0% used [0x000000076af80000,0x000000076af80000,0x000000076ef80000)
  from space 10752K, 0% used [0x000000076fa00000,0x000000076fa00000,0x0000000770480000)
  to   space 10752K, 0% used [0x000000076ef80000,0x000000076ef80000,0x000000076fa00000)
 ParOldGen       total 97280K, used 8967K [0x00000006c0e00000, 0x00000006c6d00000, 0x000000076af80000)
  object space 97280K, 9% used [0x00000006c0e00000,0x00000006c16c1d50,0x00000006c6d00000)
 Metaspace       used 20616K, capacity 21194K, committed 21296K, reserved 1067008K
  class space    used 2778K, capacity 2933K, committed 2944K, reserved 1048576K
}
Event: 2.447 GC heap before
{Heap before GC invocations=4 (full 1):
 PSYoungGen      total 76288K, used 65536K [0x000000076af80000, 0x0000000774480000, 0x00000007c0000000)
  eden space 65536K, 100% used [0x000000076af80000,0x000000076ef80000,0x000000076ef80000)
  from space 10752K, 0% used [0x000000076fa00000,0x000000076fa00000,0x0000000770480000)
  to   space 10752K, 0% used [0x000000076ef80000,0x000000076ef80000,0x000000076fa00000)
 ParOldGen       total 97280K, used 8967K [0x00000006c0e00000, 0x00000006c6d00000, 0x000000076af80000)
  object space 97280K, 9% used [0x00000006c0e00000,0x00000006c16c1d50,0x00000006c6d00000)
 Metaspace       used 26249K, capacity 27484K, committed 27648K, reserved 1073152K
  class space    used 3575K, capacity 3822K, committed 3840K, reserved 1048576K
Event: 2.452 GC heap after
Heap after GC invocations=4 (full 1):
 PSYoungGen      total 76288K, used 10725K [0x000000076af80000, 0x0000000772a80000, 0x00000007c0000000)
  eden space 65536K, 0% used [0x000000076af80000,0x000000076af80000,0x000000076ef80000)
  from space 10752K, 99% used [0x000000076ef80000,0x000000076f9f9500,0x000000076fa00000)
  to   space 10752K, 0% used [0x0000000772000000,0x0000000772000000,0x0000000772a80000)
 ParOldGen       total 97280K, used 10210K [0x00000006c0e00000, 0x00000006c6d00000, 0x000000076af80000)
  object space 97280K, 10% used [0x00000006c0e00000,0x00000006c17f8928,0x00000006c6d00000)
 Metaspace       used 26249K, capacity 27484K, committed 27648K, reserved 1073152K
  class space    used 3575K, capacity 3822K, committed 3840K, reserved 1048576K
}

Deoptimization events (0 events):
No events

Internal exceptions (10 events):
Event: 2.701 Thread 0x0000000002654000 Exception <a 'java/lang/ArrayIndexOutOfBoundsException'> (0x000000076d1d5f30) thrown at [D:\re\workspace\8-2-build-windows-amd64-cygwin\jdk8u77\6540\hotspot\src\share\vm\runtime\sharedRuntime.cpp, line 605]
Event: 2.701 Thread 0x0000000002654000 Exception <a 'java/lang/ArrayIndexOutOfBoundsException'> (0x000000076d1d7880) thrown at [D:\re\workspace\8-2-build-windows-amd64-cygwin\jdk8u77\6540\hotspot\src\share\vm\runtime\sharedRuntime.cpp, line 605]
Event: 2.701 Thread 0x0000000002654000 Exception <a 'java/lang/ArrayIndexOutOfBoundsException'> (0x000000076d1d90c0) thrown at [D:\re\workspace\8-2-build-windows-amd64-cygwin\jdk8u77\6540\hotspot\src\share\vm\runtime\sharedRuntime.cpp, line 605]
Event: 2.712 Thread 0x0000000002654000 Exception <a 'java/lang/ArrayIndexOutOfBoundsException'> (0x000000076d2d6ea0) thrown at [D:\re\workspace\8-2-build-windows-amd64-cygwin\jdk8u77\6540\hotspot\src\share\vm\runtime\sharedRuntime.cpp, line 605]
Event: 2.715 Thread 0x0000000002654000 Exception <a 'java/lang/ArrayIndexOutOfBoundsException'> (0x000000076d307128) thrown at [D:\re\workspace\8-2-build-windows-amd64-cygwin\jdk8u77\6540\hotspot\src\share\vm\runtime\sharedRuntime.cpp, line 605]
Event: 2.752 Thread 0x0000000002654000 Exception <a 'java/lang/ArrayIndexOutOfBoundsException'> (0x000000076d7aa3f0) thrown at [D:\re\workspace\8-2-build-windows-amd64-cygwin\jdk8u77\6540\hotspot\src\share\vm\runtime\sharedRuntime.cpp, line 605]
Event: 2.767 Thread 0x0000000002654000 Exception <a 'java/lang/ArrayIndexOutOfBoundsException'> (0x000000076d971828) thrown at [D:\re\workspace\8-2-build-windows-amd64-cygwin\jdk8u77\6540\hotspot\src\share\vm\runtime\sharedRuntime.cpp, line 605]
Event: 2.783 Thread 0x0000000002654000 Exception <a 'java/lang/ArrayIndexOutOfBoundsException'> (0x000000076db77980) thrown at [D:\re\workspace\8-2-build-windows-amd64-cygwin\jdk8u77\6540\hotspot\src\share\vm\runtime\sharedRuntime.cpp, line 605]
Event: 2.783 Thread 0x0000000002654000 Exception <a 'java/lang/ArrayIndexOutOfBoundsException'> (0x000000076db78940) thrown at [D:\re\workspace\8-2-build-windows-amd64-cygwin\jdk8u77\6540\hotspot\src\share\vm\runtime\sharedRuntime.cpp, line 605]
Event: 2.783 Thread 0x0000000002654000 Exception <a 'java/lang/ArrayIndexOutOfBoundsException'> (0x000000076db7a960) thrown at [D:\re\workspace\8-2-build-windows-amd64-cygwin\jdk8u77\6540\hotspot\src\share\vm\runtime\sharedRuntime.cpp, line 605]

Events (10 events):
Event: 5.188 loading class org/springframework/web/context/request/async/AsyncWebRequest
Event: 5.188 loading class org/springframework/web/context/request/async/AsyncWebRequest done
Event: 5.188 loading class javax/servlet/AsyncListener
Event: 5.188 loading class javax/servlet/AsyncListener done
Event: 5.188 loading class org/springframework/web/context/request/async/AsyncWebRequest
Event: 5.188 loading class org/springframework/web/context/request/async/AsyncWebRequest done
Event: 5.189 loading class org/springframework/web/context/request/async/AsyncWebRequest
Event: 5.189 loading class org/springframework/web/context/request/async/AsyncWebRequest done
Event: 5.189 loading class jni/client
Event: 5.189 loading class jni/client done


Dynamic libraries:
0x00007ff698a60000 - 0x00007ff698a97000 	C:\Program Files\Java\jre1.8.0_77\bin\javaw.exe
0x00007ffc87930000 - 0x00007ffc87b11000 	C:\WINDOWS\SYSTEM32\ntdll.dll
0x00007ffc87420000 - 0x00007ffc874d2000 	C:\WINDOWS\System32\KERNEL32.DLL
0x00007ffc83d00000 - 0x00007ffc83f73000 	C:\WINDOWS\System32\KERNELBASE.dll
0x00007ffc874f0000 - 0x00007ffc87591000 	C:\WINDOWS\System32\ADVAPI32.dll
0x00007ffc856b0000 - 0x00007ffc8574e000 	C:\WINDOWS\System32\msvcrt.dll
0x00007ffc870c0000 - 0x00007ffc8711b000 	C:\WINDOWS\System32\sechost.dll
0x00007ffc85a60000 - 0x00007ffc85b84000 	C:\WINDOWS\System32\RPCRT4.dll
0x00007ffc85860000 - 0x00007ffc859f0000 	C:\WINDOWS\System32\USER32.dll
0x00007ffc83f80000 - 0x00007ffc83fa0000 	C:\WINDOWS\System32\win32u.dll
0x00007ffc87120000 - 0x00007ffc87148000 	C:\WINDOWS\System32\GDI32.dll
0x00007ffc83fa0000 - 0x00007ffc84132000 	C:\WINDOWS\System32\gdi32full.dll
0x00007ffc84ca0000 - 0x00007ffc84d3f000 	C:\WINDOWS\System32\msvcp_win.dll
0x00007ffc84330000 - 0x00007ffc8442a000 	C:\WINDOWS\System32\ucrtbase.dll
0x00007ffc78f70000 - 0x00007ffc791d9000 	C:\WINDOWS\WinSxS\amd64_microsoft.windows.common-controls_6595b64144ccf1df_6.0.17134.590_none_fb3d9bff3069e088\COMCTL32.dll
0x00007ffc84dc0000 - 0x00007ffc850e2000 	C:\WINDOWS\System32\combase.dll
0x00007ffc84d40000 - 0x00007ffc84dba000 	C:\WINDOWS\System32\bcryptPrimitives.dll
0x00007ffc87150000 - 0x00007ffc8717d000 	C:\WINDOWS\System32\IMM32.DLL
0x000000006a1a0000 - 0x000000006a272000 	C:\Program Files\Java\jre1.8.0_77\bin\msvcr100.dll
0x000000006a5b0000 - 0x000000006ae40000 	C:\Program Files\Java\jre1.8.0_77\bin\server\jvm.dll
0x00007ffc874e0000 - 0x00007ffc874e8000 	C:\WINDOWS\System32\PSAPI.DLL
0x00007ffc7d650000 - 0x00007ffc7d659000 	C:\WINDOWS\SYSTEM32\WSOCK32.dll
0x00007ffc810c0000 - 0x00007ffc810e3000 	C:\WINDOWS\SYSTEM32\WINMM.dll
0x00007ffc7e1d0000 - 0x00007ffc7e1da000 	C:\WINDOWS\SYSTEM32\VERSION.dll
0x00007ffc859f0000 - 0x00007ffc85a5c000 	C:\WINDOWS\System32\WS2_32.dll
0x00007ffc80690000 - 0x00007ffc806ba000 	C:\WINDOWS\SYSTEM32\WINMMBASE.dll
0x00007ffc84b40000 - 0x00007ffc84b89000 	C:\WINDOWS\System32\cfgmgr32.dll
0x000000006a5a0000 - 0x000000006a5af000 	C:\Program Files\Java\jre1.8.0_77\bin\verify.dll
0x000000006a570000 - 0x000000006a599000 	C:\Program Files\Java\jre1.8.0_77\bin\java.dll
0x000000006a550000 - 0x000000006a566000 	C:\Program Files\Java\jre1.8.0_77\bin\zip.dll
0x00007ffc85bb0000 - 0x00007ffc86ff0000 	C:\WINDOWS\System32\SHELL32.dll
0x00007ffc85750000 - 0x00007ffc857f9000 	C:\WINDOWS\System32\shcore.dll
0x00007ffc84430000 - 0x00007ffc84b3d000 	C:\WINDOWS\System32\windows.storage.dll
0x00007ffc873a0000 - 0x00007ffc873f1000 	C:\WINDOWS\System32\shlwapi.dll
0x00007ffc83cc0000 - 0x00007ffc83cd1000 	C:\WINDOWS\System32\kernel.appcore.dll
0x00007ffc83ce0000 - 0x00007ffc83cff000 	C:\WINDOWS\System32\profapi.dll
0x00007ffc83c40000 - 0x00007ffc83c8c000 	C:\WINDOWS\System32\powrprof.dll
0x00007ffc83c90000 - 0x00007ffc83c9a000 	C:\WINDOWS\System32\FLTLIB.DLL
0x000000006a190000 - 0x000000006a19d000 	C:\Program Files\Java\jre1.8.0_77\bin\management.dll
0x000000006a530000 - 0x000000006a54a000 	C:\Program Files\Java\jre1.8.0_77\bin\net.dll
0x00007ffc834c0000 - 0x00007ffc83526000 	C:\WINDOWS\system32\mswsock.dll
0x000000006a510000 - 0x000000006a521000 	C:\Program Files\Java\jre1.8.0_77\bin\nio.dll
0x00007ffc76d80000 - 0x00007ffc76d96000 	C:\WINDOWS\system32\napinsp.dll
0x00007ffc74be0000 - 0x00007ffc74bfa000 	C:\WINDOWS\system32\pnrpnsp.dll
0x00007ffc80220000 - 0x00007ffc80239000 	C:\WINDOWS\system32\NLAapi.dll
0x00007ffc83280000 - 0x00007ffc8333e000 	C:\WINDOWS\SYSTEM32\DNSAPI.dll
0x00007ffc87410000 - 0x00007ffc87418000 	C:\WINDOWS\System32\NSI.dll
0x00007ffc83240000 - 0x00007ffc83278000 	C:\WINDOWS\SYSTEM32\IPHLPAPI.DLL
0x00007ffc7d5d0000 - 0x00007ffc7d5de000 	C:\WINDOWS\System32\winrnr.dll
0x00007ffc7d250000 - 0x00007ffc7d265000 	C:\WINDOWS\System32\wshbth.dll
0x00007ffc7cb00000 - 0x00007ffc7cb0a000 	C:\Windows\System32\rasadhlp.dll
0x00007ffc7cb10000 - 0x00007ffc7cb82000 	C:\WINDOWS\System32\fwpuclnt.dll
0x00007ffc837a0000 - 0x00007ffc837c5000 	C:\WINDOWS\SYSTEM32\bcrypt.dll
0x00007ffc83670000 - 0x00007ffc83687000 	C:\WINDOWS\SYSTEM32\CRYPTSP.dll
0x00007ffc830a0000 - 0x00007ffc830d3000 	C:\WINDOWS\system32\rsaenh.dll
0x00007ffc83b70000 - 0x00007ffc83b98000 	C:\WINDOWS\SYSTEM32\USERENV.dll
0x00007ffc83690000 - 0x00007ffc8369b000 	C:\WINDOWS\SYSTEM32\CRYPTBASE.dll
0x00007ffc7d1e0000 - 0x00007ffc7d1f6000 	C:\WINDOWS\SYSTEM32\dhcpcsvc6.DLL
0x00007ffc7d1c0000 - 0x00007ffc7d1da000 	C:\WINDOWS\SYSTEM32\dhcpcsvc.DLL
0x00007ffc5d910000 - 0x00007ffc5d93e000 	C:\Windows\System32\JNIWin.dll
0x00007ffc502d0000 - 0x00007ffc503c6000 	C:\WINDOWS\SYSTEM32\MSVCP140D.dll
0x00007ffc5d5b0000 - 0x00007ffc5d5d2000 	C:\WINDOWS\SYSTEM32\VCRUNTIME140D.dll
0x00007ffc48f60000 - 0x00007ffc4911e000 	C:\WINDOWS\SYSTEM32\ucrtbased.dll
0x00007ffc74d20000 - 0x00007ffc74ee9000 	C:\WINDOWS\SYSTEM32\dbghelp.dll

VM Arguments:
jvm_args: -Dcom.sun.management.jmxremote -Dcom.sun.management.jmxremote.port=4173 -Dcom.sun.management.jmxremote.authenticate=false -Dcom.sun.management.jmxremote.ssl=false -Djava.rmi.server.hostname=localhost -Dspring.jmx.enabled=true -Dspring.liveBeansView.mbeanDomain -Dspring.application.admin.enabled=true -Xverify:none -XX:TieredStopAtLevel=1 -Dfile.encoding=UTF-8 
java_command: com.hello.jni.HelloApplication --spring.output.ansi.enabled=always
java_class_path (initial): D:\workspace-sts-3.9.8.RELEASE\hello\target\classes;C:\Users\DBIS\.m2\repository\org\springframework\boot\spring-boot-starter-web\2.1.4.RELEASE\spring-boot-starter-web-2.1.4.RELEASE.jar;C:\Users\DBIS\.m2\repository\org\springframework\boot\spring-boot-starter\2.1.4.RELEASE\spring-boot-starter-2.1.4.RELEASE.jar;C:\Users\DBIS\.m2\repository\org\springframework\boot\spring-boot\2.1.4.RELEASE\spring-boot-2.1.4.RELEASE.jar;C:\Users\DBIS\.m2\repository\org\springframework\boot\spring-boot-autoconfigure\2.1.4.RELEASE\spring-boot-autoconfigure-2.1.4.RELEASE.jar;C:\Users\DBIS\.m2\repository\org\springframework\boot\spring-boot-starter-logging\2.1.4.RELEASE\spring-boot-starter-logging-2.1.4.RELEASE.jar;C:\Users\DBIS\.m2\repository\ch\qos\logback\logback-classic\1.2.3\logback-classic-1.2.3.jar;C:\Users\DBIS\.m2\repository\ch\qos\logback\logback-core\1.2.3\logback-core-1.2.3.jar;C:\Users\DBIS\.m2\repository\org\apache\logging\log4j\log4j-to-slf4j\2.11.2\log4j-to-slf4j-2.11.2.jar;C:\Users\DBIS\.m2\repository\org\apache\logging\log4j\log4j-api\2.11.2\log4j-api-2.11.2.jar;C:\Users\DBIS\.m2\repository\org\slf4j\jul-to-slf4j\1.7.26\jul-to-slf4j-1.7.26.jar;C:\Users\DBIS\.m2\repository\javax\annotation\javax.annotation-api\1.3.2\javax.annotation-api-1.3.2.jar;C:\Users\DBIS\.m2\repository\org\yaml\snakeyaml\1.23\snakeyaml-1.23.jar;C:\Users\DBIS\.m2\repository\org\springframework\boot\spring-boot-starter-json\2.1.4.RELEASE\spring-boot-starter-json-2.1.4.RELEASE.jar;C:\Users\DBIS\.m2\repository\com\fasterxml\jackson\core\jackson-databind\2.9.8\jackson-databind-2.9.8.jar;C:\Users\DBIS\.m2\repository\com\fasterxml\jackson\core\jackson-annotations\2.9.0\jackson-annotations-2.9.0.jar;C:\Users\DBIS\.m2\repository\com\fasterxml\jackson\core\jackson-core\2.9.8\jackson-core-2.9.8.jar;C:\Users\DBIS\.m2\repository\com\fasterxml\jackson\datatype\jackson-datatype-jdk8\2.9.8\jackson-datatype-jdk8-2.9.8.jar;C:\Users\DBIS\.m2\repository\com\fasterxml\jackson\datatype\jackso
Launcher Type: SUN_STANDARD

Environment Variables:
JAVA_HOME=C:\Program Files\Java\jdk-11.0.2
CLASSPATH=.;C:\Program Files\Java\jdk-11.0.2\lib;C:\Program Files\Java\jdk-11.0.2\lib\dt.jar;C:\Program Files\Java\jdk-11.0.2\lib\tools.jar;D:\Program Files\Weka-3-8\lib\mysql-connector-java-5.1.39-bin.jar.;D:\Program Files\Weka-3-8/lib/mssql-jdbc-6.2.2.jre7.jar.;D:\Program Files\Weka-3-8/lib/mssql-jdbc-6.2.2.jre7.jar
PATH=C:/Program Files/Java/jre1.8.0_77/bin/server;C:/Program Files/Java/jre1.8.0_77/bin;C:/Program Files/Java/jre1.8.0_77/lib/amd64;C:\ProgramData\Oracle\Java\javapath;C:\WINDOWS\system32;C:\WINDOWS;C:\WINDOWS\System32\Wbem;C:\WINDOWS\System32\WindowsPowerShell\v1.0\;C:\WINDOWS\System32\OpenSSH\;C:\WINDOWS\system32\config\systemprofile\.dnx\bin;C:\Program Files\Microsoft DNX\Dnvm\;C:\Program Files\Microsoft SQL Server\130\Tools\Binn\;C:\Program Files (x86)\Windows Kits\10\Windows Performance Toolkit\;C:\Program Files\Pandoc\;D:\CTEX\UserData\miktex\bin;D:\CTEX\MiKTeX\miktex\bin;D:\CTEX\CTeX\ctex\bin;D:\CTEX\CTeX\cct\bin;D:\CTEX\CTeX\ty\bin;D:\CTEX\Ghostscript\gs9.05\bin;D:\CTEX\GSview\gsview;D:\CTEX\WinEdt;D:\Program Files\python;C:\Program Files\Java\jdk-11.0.2\bin;C:\Program Files\Java\jdk-11.0.2\jre\bin;C:\Program Files\Microsoft SQL Server\110\DTS\Binn\;C:\Program Files (x86)\Microsoft SQL Server\110\Tools\Binn\;C:\Program Files\Microsoft SQL Server\110\Tools\Binn\;C:\Program Files (x86)\Microsoft SQL Server\110\Tools\Binn\ManagementStudio\;C:\Program Files (x86)\Microsoft Visual Studio 10.0\Common7\IDE\PrivateAssemblies\;C:\Program Files (x86)\Microsoft SQL Server\110\DTS\Binn\;D:\Program Files\nodejs\;D:\Program Files\Git\cmd;%MAVEN_HOME%\bin\;C:\Users\DBIS\AppData\Local\Microsoft\WindowsApps;C:\Users\DBIS\AppData\Roaming\npm;D:\Program Files\JetBrains\IntelliJ IDEA Community Edition 2019.1.1\bin;;D:\spring-tool-suite-3.9.8.RELEASE-e4.11.0-win32-x86_64\sts-bundle\sts-3.9.8.RELEASE;
USERNAME=DBIS
OS=Windows_NT
PROCESSOR_IDENTIFIER=Intel64 Family 6 Model 94 Stepping 3, GenuineIntel



---------------  S Y S T E M  ---------------

OS: Windows 10.0 , 64 bit Build 17134 (10.0.17134.556)

CPU:total 8 (4 cores per cpu, 2 threads per core) family 6 model 94 stepping 3, cmov, cx8, fxsr, mmx, sse, sse2, sse3, ssse3, sse4.1, sse4.2, popcnt, avx, avx2, aes, clmul, erms, rtm, 3dnowpref, lzcnt, ht, tsc, tscinvbit, bmi1, bmi2, adx

Memory: 4k page, physical 16714580k(7424400k free), swap 19204948k(7213020k free)

vm_info: Java HotSpot(TM) 64-Bit Server VM (25.77-b03) for windows-amd64 JRE (1.8.0_77-b03), built on Mar 20 2016 22:01:33 by "java_re" with MS VC++ 10.0 (VS2010)

time: Tue May 07 14:13:53 2019
elapsed time: 6 seconds (0d 0h 0m 6s)

