#
# A fatal error has been detected by the Java Runtime Environment:
#
#  EXCEPTION_ACCESS_VIOLATION (0xc0000005) at pc=0x00007ffc74c41a99, pid=5316, tid=15472
#
# JRE version: Java(TM) SE Runtime Environment (8.0_77-b03) (build 1.8.0_77-b03)
# Java VM: Java HotSpot(TM) 64-Bit Server VM (25.77-b03 mixed mode windows-amd64 compressed oops)
# Problematic frame:
# C  [VCRUNTIME140D.dll+0x1a99]
#
# Failed to write core dump. Minidumps are not enabled by default on client versions of Windows
#
# If you would like to submit a bug report, please visit:
#   http://bugreport.java.com/bugreport/crash.jsp
# The crash happened outside the Java Virtual Machine in native code.
# See problematic frame for where to report the bug.
#

---------------  T H R E A D  ---------------

Current thread (0x000000002129c800):  JavaThread "http-nio-8080-exec-3" daemon [_thread_in_native, id=15472, stack(0x0000000022ab0000,0x0000000022bb0000)]

siginfo: ExceptionCode=0xc0000005, writing address 0x0000000000000000

Registers:
RAX=0x0000000000000000, RBX=0x00000000226c0f48, RCX=0xffffffffcccccccc, RDX=0x0000000022bace18
RSP=0x0000000022bac978, RBP=0x0000000022bac9a0, RSI=0x000000002129c800, RDI=0x0000000000000000
R8 =0xffffffffcccccccc, R9 =0x0000000000000000, R10=0x000000000096bfb8, R11=0x0000000000000000
R12=0x0000000000000000, R13=0x00000000226c0f30, R14=0x0000000022bad1e8, R15=0x000000002129c800
RIP=0x00007ffc74c41a99, EFLAGS=0x0000000000010283

Top of Stack: (sp=0x0000000022bac978)
0x0000000022bac978:   00007ffc74c83199 ffffffffcccccccc
0x0000000022bac988:   00007ffc74c81172 000000002129c800
0x0000000022bac998:   0000000000000000 cccccccccccccccc
0x0000000022bac9a8:   cccccccccccccccc 0000000002020202
0x0000000022bac9b8:   cccccccccccccccc 206b636f536e6957
0x0000000022bac9c8:   cccccccc00302e32 cccccccccccccccc
0x0000000022bac9d8:   cccccccccccccccc cccccccccccccccc
0x0000000022bac9e8:   cccccccccccccccc cccccccccccccccc
0x0000000022bac9f8:   cccccccccccccccc cccccccccccccccc
0x0000000022baca08:   cccccccccccccccc cccccccccccccccc
0x0000000022baca18:   cccccccccccccccc cccccccccccccccc
0x0000000022baca28:   cccccccccccccccc cccccccccccccccc
0x0000000022baca38:   cccccccccccccccc cccccccccccccccc
0x0000000022baca48:   cccccccccccccccc cccccccccccccccc
0x0000000022baca58:   cccccccccccccccc cccccccccccccccc
0x0000000022baca68:   cccccccccccccccc cccccccccccccccc 

Instructions: (pc=0x00007ffc74c41a99)
0x00007ffc74c41a79:   f8 80 00 00 00 0f 86 7c 00 00 00 0f ba 25 8c a9
0x00007ffc74c41a89:   01 00 01 73 22 8b c2 48 8b d7 48 8b f9 49 8b c8
0x00007ffc74c41a99:   f3 aa 48 8b fa 49 8b c3 c3 66 66 66 66 66 66 0f
0x00007ffc74c41aa9:   1f 84 00 00 00 00 00 0f 11 01 4c 03 c1 48 83 c1 


Register to memory mapping:

RAX=0x0000000000000000 is an unknown value
RBX={method} {0x00000000226c0f50} 'EncryptineConnect' '(Ljava/lang/String;Ljava/lang/String;Ljava/lang/String;Ljava/lang/String;Ljava/lang/String;)Ljava/lang/String;' in 'jni/client'
RCX=0xffffffffcccccccc is an unknown value
RDX=0x0000000022bace18 is pointing into the stack for thread: 0x000000002129c800
RSP=0x0000000022bac978 is pointing into the stack for thread: 0x000000002129c800
RBP=0x0000000022bac9a0 is pointing into the stack for thread: 0x000000002129c800
RSI=0x000000002129c800 is a thread
RDI=0x0000000000000000 is an unknown value
R8 =0xffffffffcccccccc is an unknown value
R9 =0x0000000000000000 is an unknown value
R10=0x000000000096bfb8 is an unknown value
R11=0x0000000000000000 is an unknown value
R12=0x0000000000000000 is an unknown value
R13=0x00000000226c0f30 is pointing into metadata
R14=0x0000000022bad1e8 is pointing into the stack for thread: 0x000000002129c800
R15=0x000000002129c800 is a thread


Stack: [0x0000000022ab0000,0x0000000022bb0000],  sp=0x0000000022bac978,  free space=1010k
Native frames: (J=compiled Java code, j=interpreted, Vv=VM code, C=native code)
C  [VCRUNTIME140D.dll+0x1a99]
C  [JNIWin.dll+0x13199]
C  [JNIWin.dll+0x12cef]
C  [JNIWin.dll+0x163a2]
C  0x0000000002c35e34

Java frames: (J=compiled Java code, j=interpreted, Vv=VM code)
j  jni.client.EncryptineConnect(Ljava/lang/String;Ljava/lang/String;Ljava/lang/String;Ljava/lang/String;Ljava/lang/String;)Ljava/lang/String;+0
j  com.hello.jni.Hello.test()Ljava/lang/String;+27
v  ~StubRoutines::call_stub
J 1991  sun.reflect.NativeMethodAccessorImpl.invoke0(Ljava/lang/reflect/Method;Ljava/lang/Object;[Ljava/lang/Object;)Ljava/lang/Object; (0 bytes) @ 0x000000000305ab7f [0x000000000305ab00+0x7f]
J 1990 C1 sun.reflect.NativeMethodAccessorImpl.invoke(Ljava/lang/Object;[Ljava/lang/Object;)Ljava/lang/Object; (104 bytes) @ 0x000000000305c414 [0x000000000305c060+0x3b4]
J 1420 C1 sun.reflect.DelegatingMethodAccessorImpl.invoke(Ljava/lang/Object;[Ljava/lang/Object;)Ljava/lang/Object; (10 bytes) @ 0x0000000002f3b5e4 [0x0000000002f3b5a0+0x44]
J 1419 C1 java.lang.reflect.Method.invoke(Ljava/lang/Object;[Ljava/lang/Object;)Ljava/lang/Object; (62 bytes) @ 0x0000000002f3b20c [0x0000000002f3b120+0xec]
j  org.springframework.web.method.support.InvocableHandlerMethod.doInvoke([Ljava/lang/Object;)Ljava/lang/Object;+16
j  org.springframework.web.method.support.InvocableHandlerMethod.invokeForRequest(Lorg/springframework/web/context/request/NativeWebRequest;Lorg/springframework/web/method/support/ModelAndViewContainer;[Ljava/lang/Object;)Ljava/lang/Object;+56
j  org.springframework.web.servlet.mvc.method.annotation.ServletInvocableHandlerMethod.invokeAndHandle(Lorg/springframework/web/context/request/ServletWebRequest;Lorg/springframework/web/method/support/ModelAndViewContainer;[Ljava/lang/Object;)V+4
j  org.springframework.web.servlet.mvc.method.annotation.RequestMappingHandlerAdapter.invokeHandlerMethod(Ljavax/servlet/http/HttpServletRequest;Ljavax/servlet/http/HttpServletResponse;Lorg/springframework/web/method/HandlerMethod;)Lorg/springframework/web/servlet/ModelAndView;+244
j  org.springframework.web.servlet.mvc.method.annotation.RequestMappingHandlerAdapter.handleInternal(Ljavax/servlet/http/HttpServletRequest;Ljavax/servlet/http/HttpServletResponse;Lorg/springframework/web/method/HandlerMethod;)Lorg/springframework/web/servlet/ModelAndView;+81
j  org.springframework.web.servlet.mvc.method.AbstractHandlerMethodAdapter.handle(Ljavax/servlet/http/HttpServletRequest;Ljavax/servlet/http/HttpServletResponse;Ljava/lang/Object;)Lorg/springframework/web/servlet/ModelAndView;+7
j  org.springframework.web.servlet.DispatcherServlet.doDispatch(Ljavax/servlet/http/HttpServletRequest;Ljavax/servlet/http/HttpServletResponse;)V+257
j  org.springframework.web.servlet.DispatcherServlet.doService(Ljavax/servlet/http/HttpServletRequest;Ljavax/servlet/http/HttpServletResponse;)V+212
j  org.springframework.web.servlet.FrameworkServlet.processRequest(Ljavax/servlet/http/HttpServletRequest;Ljavax/servlet/http/HttpServletResponse;)V+71
j  org.springframework.web.servlet.FrameworkServlet.doGet(Ljavax/servlet/http/HttpServletRequest;Ljavax/servlet/http/HttpServletResponse;)V+3
j  javax.servlet.http.HttpServlet.service(Ljavax/servlet/http/HttpServletRequest;Ljavax/servlet/http/HttpServletResponse;)V+35
j  org.springframework.web.servlet.FrameworkServlet.service(Ljavax/servlet/http/HttpServletRequest;Ljavax/servlet/http/HttpServletResponse;)V+33
j  javax.servlet.http.HttpServlet.service(Ljavax/servlet/ServletRequest;Ljavax/servlet/ServletResponse;)V+36
j  org.apache.catalina.core.ApplicationFilterChain.internalDoFilter(Ljavax/servlet/ServletRequest;Ljavax/servlet/ServletResponse;)V+304
j  org.apache.catalina.core.ApplicationFilterChain.doFilter(Ljavax/servlet/ServletRequest;Ljavax/servlet/ServletResponse;)V+101
j  org.apache.tomcat.websocket.server.WsFilter.doFilter(Ljavax/servlet/ServletRequest;Ljavax/servlet/ServletResponse;Ljavax/servlet/FilterChain;)V+21
j  org.apache.catalina.core.ApplicationFilterChain.internalDoFilter(Ljavax/servlet/ServletRequest;Ljavax/servlet/ServletResponse;)V+135
j  org.apache.catalina.core.ApplicationFilterChain.doFilter(Ljavax/servlet/ServletRequest;Ljavax/servlet/ServletResponse;)V+101
j  org.springframework.web.filter.RequestContextFilter.doFilterInternal(Ljavax/servlet/http/HttpServletRequest;Ljavax/servlet/http/HttpServletResponse;Ljavax/servlet/FilterChain;)V+21
j  org.springframework.web.filter.OncePerRequestFilter.doFilter(Ljavax/servlet/ServletRequest;Ljavax/servlet/ServletResponse;Ljavax/servlet/FilterChain;)V+111
j  org.apache.catalina.core.ApplicationFilterChain.internalDoFilter(Ljavax/servlet/ServletRequest;Ljavax/servlet/ServletResponse;)V+135
j  org.apache.catalina.core.ApplicationFilterChain.doFilter(Ljavax/servlet/ServletRequest;Ljavax/servlet/ServletResponse;)V+101
j  org.springframework.web.filter.FormContentFilter.doFilterInternal(Ljavax/servlet/http/HttpServletRequest;Ljavax/servlet/http/HttpServletResponse;Ljavax/servlet/FilterChain;)V+38
j  org.springframework.web.filter.OncePerRequestFilter.doFilter(Ljavax/servlet/ServletRequest;Ljavax/servlet/ServletResponse;Ljavax/servlet/FilterChain;)V+111
j  org.apache.catalina.core.ApplicationFilterChain.internalDoFilter(Ljavax/servlet/ServletRequest;Ljavax/servlet/ServletResponse;)V+135
j  org.apache.catalina.core.ApplicationFilterChain.doFilter(Ljavax/servlet/ServletRequest;Ljavax/servlet/ServletResponse;)V+101
j  org.springframework.web.filter.HiddenHttpMethodFilter.doFilterInternal(Ljavax/servlet/http/HttpServletRequest;Ljavax/servlet/http/HttpServletResponse;Ljavax/servlet/FilterChain;)V+87
j  org.springframework.web.filter.OncePerRequestFilter.doFilter(Ljavax/servlet/ServletRequest;Ljavax/servlet/ServletResponse;Ljavax/servlet/FilterChain;)V+111
j  org.apache.catalina.core.ApplicationFilterChain.internalDoFilter(Ljavax/servlet/ServletRequest;Ljavax/servlet/ServletResponse;)V+135
j  org.apache.catalina.core.ApplicationFilterChain.doFilter(Ljavax/servlet/ServletRequest;Ljavax/servlet/ServletResponse;)V+101
j  org.springframework.web.filter.CharacterEncodingFilter.doFilterInternal(Ljavax/servlet/http/HttpServletRequest;Ljavax/servlet/http/HttpServletResponse;Ljavax/servlet/FilterChain;)V+53
j  org.springframework.web.filter.OncePerRequestFilter.doFilter(Ljavax/servlet/ServletRequest;Ljavax/servlet/ServletResponse;Ljavax/servlet/FilterChain;)V+111
j  org.apache.catalina.core.ApplicationFilterChain.internalDoFilter(Ljavax/servlet/ServletRequest;Ljavax/servlet/ServletResponse;)V+135
j  org.apache.catalina.core.ApplicationFilterChain.doFilter(Ljavax/servlet/ServletRequest;Ljavax/servlet/ServletResponse;)V+101
j  org.apache.catalina.core.StandardWrapperValve.invoke(Lorg/apache/catalina/connector/Request;Lorg/apache/catalina/connector/Response;)V+688
j  org.apache.catalina.core.StandardContextValve.invoke(Lorg/apache/catalina/connector/Request;Lorg/apache/catalina/connector/Response;)V+166
j  org.apache.catalina.authenticator.AuthenticatorBase.invoke(Lorg/apache/catalina/connector/Request;Lorg/apache/catalina/connector/Response;)V+260
j  org.apache.catalina.core.StandardHostValve.invoke(Lorg/apache/catalina/connector/Request;Lorg/apache/catalina/connector/Response;)V+114
j  org.apache.catalina.valves.ErrorReportValve.invoke(Lorg/apache/catalina/connector/Request;Lorg/apache/catalina/connector/Response;)V+6
j  org.apache.catalina.core.StandardEngineValve.invoke(Lorg/apache/catalina/connector/Request;Lorg/apache/catalina/connector/Response;)V+45
j  org.apache.catalina.connector.CoyoteAdapter.service(Lorg/apache/coyote/Request;Lorg/apache/coyote/Response;)V+199
j  org.apache.coyote.http11.Http11Processor.service(Lorg/apache/tomcat/util/net/SocketWrapperBase;)Lorg/apache/tomcat/util/net/AbstractEndpoint$Handler$SocketState;+791
j  org.apache.coyote.AbstractProcessorLight.process(Lorg/apache/tomcat/util/net/SocketWrapperBase;Lorg/apache/tomcat/util/net/SocketEvent;)Lorg/apache/tomcat/util/net/AbstractEndpoint$Handler$SocketState;+113
j  org.apache.coyote.AbstractProtocol$ConnectionHandler.process(Lorg/apache/tomcat/util/net/SocketWrapperBase;Lorg/apache/tomcat/util/net/SocketEvent;)Lorg/apache/tomcat/util/net/AbstractEndpoint$Handler$SocketState;+414
j  org.apache.tomcat.util.net.NioEndpoint$SocketProcessor.doRun()V+191
j  org.apache.tomcat.util.net.SocketProcessorBase.run()V+21
j  java.util.concurrent.ThreadPoolExecutor.runWorker(Ljava/util/concurrent/ThreadPoolExecutor$Worker;)V+95
j  java.util.concurrent.ThreadPoolExecutor$Worker.run()V+5
j  org.apache.tomcat.util.threads.TaskThread$WrappingRunnable.run()V+4
j  java.lang.Thread.run()V+11
v  ~StubRoutines::call_stub

---------------  P R O C E S S  ---------------

Java Threads: ( => current thread )
  0x00000000212a2000 JavaThread "DestroyJavaVM" [_thread_blocked, id=12624, stack(0x00000000026a0000,0x00000000027a0000)]
  0x00000000212a7000 JavaThread "http-nio-8080-Acceptor-0" daemon [_thread_in_native, id=2636, stack(0x00000000234b0000,0x00000000235b0000)]
  0x00000000212a6800 JavaThread "http-nio-8080-ClientPoller-1" daemon [_thread_in_native, id=10340, stack(0x00000000233b0000,0x00000000234b0000)]
  0x00000000212a5000 JavaThread "http-nio-8080-ClientPoller-0" daemon [_thread_in_native, id=16536, stack(0x00000000232b0000,0x00000000233b0000)]
  0x00000000212a2800 JavaThread "http-nio-8080-exec-10" daemon [_thread_blocked, id=9996, stack(0x00000000231b0000,0x00000000232b0000)]
  0x00000000212a1000 JavaThread "http-nio-8080-exec-9" daemon [_thread_blocked, id=15052, stack(0x00000000230b0000,0x00000000231b0000)]
  0x00000000212a3800 JavaThread "http-nio-8080-exec-8" daemon [_thread_blocked, id=15424, stack(0x0000000022fb0000,0x00000000230b0000)]
  0x00000000212a4000 JavaThread "http-nio-8080-exec-7" daemon [_thread_blocked, id=2428, stack(0x0000000022eb0000,0x0000000022fb0000)]
  0x00000000212a8000 JavaThread "http-nio-8080-exec-6" daemon [_thread_blocked, id=4640, stack(0x0000000022db0000,0x0000000022eb0000)]
  0x00000000212a5800 JavaThread "http-nio-8080-exec-5" daemon [_thread_blocked, id=5984, stack(0x0000000022cb0000,0x0000000022db0000)]
  0x000000002129f800 JavaThread "http-nio-8080-exec-4" daemon [_thread_blocked, id=15080, stack(0x0000000022bb0000,0x0000000022cb0000)]
=>0x000000002129c800 JavaThread "http-nio-8080-exec-3" daemon [_thread_in_native, id=15472, stack(0x0000000022ab0000,0x0000000022bb0000)]
  0x000000002129c000 JavaThread "http-nio-8080-exec-2" daemon [_thread_blocked, id=17428, stack(0x00000000229b0000,0x0000000022ab0000)]
  0x000000002129b000 JavaThread "http-nio-8080-exec-1" daemon [_thread_blocked, id=15528, stack(0x00000000228b0000,0x00000000229b0000)]
  0x000000002123f800 JavaThread "NioBlockingSelector.BlockPoller-1" daemon [_thread_in_native, id=17024, stack(0x00000000227b0000,0x00000000228b0000)]
  0x00000000211f4800 JavaThread "container-0" [_thread_blocked, id=3216, stack(0x00000000224b0000,0x00000000225b0000)]
  0x00000000211ed800 JavaThread "Catalina-utility-2" [_thread_blocked, id=12404, stack(0x00000000223b0000,0x00000000224b0000)]
  0x00000000211ed000 JavaThread "Catalina-utility-1" [_thread_blocked, id=6280, stack(0x00000000222b0000,0x00000000223b0000)]
  0x000000001f27b000 JavaThread "RMI TCP Accept-0" daemon [_thread_in_native, id=14144, stack(0x000000001fc30000,0x000000001fd30000)]
  0x000000001f273800 JavaThread "RMI TCP Accept-2119" daemon [_thread_in_native, id=8396, stack(0x000000001fb30000,0x000000001fc30000)]
  0x000000001e987000 JavaThread "RMI TCP Accept-0" daemon [_thread_in_native, id=10236, stack(0x000000001fa30000,0x000000001fb30000)]
  0x000000001e709800 JavaThread "Service Thread" daemon [_thread_blocked, id=10248, stack(0x000000001f130000,0x000000001f230000)]
  0x000000001e679800 JavaThread "C1 CompilerThread3" daemon [_thread_blocked, id=6424, stack(0x000000001f030000,0x000000001f130000)]
  0x000000001e66f800 JavaThread "C2 CompilerThread2" daemon [_thread_blocked, id=15580, stack(0x000000001ef30000,0x000000001f030000)]
  0x000000001e65f800 JavaThread "C2 CompilerThread1" daemon [_thread_blocked, id=1784, stack(0x000000001ee30000,0x000000001ef30000)]
  0x000000001e65e000 JavaThread "C2 CompilerThread0" daemon [_thread_blocked, id=9192, stack(0x000000001ed30000,0x000000001ee30000)]
  0x000000001e65c000 JavaThread "Attach Listener" daemon [_thread_blocked, id=11732, stack(0x000000001ec30000,0x000000001ed30000)]
  0x000000001e65b800 JavaThread "Signal Dispatcher" daemon [_thread_blocked, id=18336, stack(0x000000001eb30000,0x000000001ec30000)]
  0x000000001e5f0800 JavaThread "Finalizer" daemon [_thread_blocked, id=12444, stack(0x000000001e9d0000,0x000000001ead0000)]
  0x000000001c70d000 JavaThread "Reference Handler" daemon [_thread_blocked, id=880, stack(0x000000001e4d0000,0x000000001e5d0000)]

Other Threads:
  0x000000001c709000 VMThread [stack: 0x000000001e3d0000,0x000000001e4d0000] [id=5012]
  0x000000001f290800 WatcherThread [stack: 0x000000001fd30000,0x000000001fe30000] [id=8616]

VM state:not at safepoint (normal execution)

VM Mutex/Monitor currently owned by a thread: None

Heap:
 PSYoungGen      total 121856K, used 65788K [0x000000076af80000, 0x0000000774480000, 0x00000007c0000000)
  eden space 111104K, 49% used [0x000000076af80000,0x000000076e53fbf8,0x0000000771c00000)
  from space 10752K, 99% used [0x0000000773a00000,0x000000077447f540,0x0000000774480000)
  to   space 10752K, 0% used [0x0000000772f80000,0x0000000772f80000,0x0000000773a00000)
 ParOldGen       total 89600K, used 7481K [0x00000006c0e00000, 0x00000006c6580000, 0x000000076af80000)
  object space 89600K, 8% used [0x00000006c0e00000,0x00000006c154e410,0x00000006c6580000)
 Metaspace       used 30945K, capacity 32509K, committed 32768K, reserved 1077248K
  class space    used 4204K, capacity 4521K, committed 4608K, reserved 1048576K

Card table byte_map: [0x0000000011fe0000,0x00000000127e0000] byte_map_base: 0x000000000e9d9000

Marking Bits: (ParMarkBitMap*) 0x000000006ade0600
 Begin Bits: [0x0000000013540000, 0x0000000017508000)
 End Bits:   [0x0000000017508000, 0x000000001b4d0000)

Polling page: 0x00000000005e0000

CodeCache: size=245760Kb used=5900Kb max_used=5900Kb free=239859Kb
 bounds [0x0000000002c20000, 0x00000000031f0000, 0x0000000011c20000]
 total_blobs=3250 nmethods=2824 adapters=338
 compilation: enabled

Compilation events (10 events):
Event: 6.976 Thread 0x000000001e679800 2817   !   1       java.lang.invoke.MethodHandles$Lookup::revealDirect (202 bytes)
Event: 6.977 Thread 0x000000001e679800 nmethod 2817 0x00000000031e0950 code [0x00000000031e0ba0, 0x00000000031e1448]
Event: 6.977 Thread 0x000000001e679800 2818       1       java.lang.invoke.InfoFromMemberName::<init> (65 bytes)
Event: 6.977 Thread 0x000000001e679800 nmethod 2818 0x00000000031e1a90 code [0x00000000031e1be0, 0x00000000031e1d10]
Event: 18.871 Thread 0x000000001e679800 2822       1       org.apache.tomcat.util.http.MimeHeaderField::getName (5 bytes)
Event: 18.871 Thread 0x000000001e679800 nmethod 2822 0x00000000031e2810 code [0x00000000031e2960, 0x00000000031e2a70]
Event: 18.871 Thread 0x000000001e679800 2824       1       org.apache.tomcat.util.buf.Ascii::toLower (14 bytes)
Event: 18.871 Thread 0x000000001e679800 nmethod 2824 0x00000000031e2ad0 code [0x00000000031e2c20, 0x00000000031e2d50]
Event: 18.871 Thread 0x000000001e679800 2823       1       java.nio.charset.CharsetDecoder::implReset (1 bytes)
Event: 18.871 Thread 0x000000001e679800 nmethod 2823 0x00000000031e2e10 code [0x00000000031e2f60, 0x00000000031e3070]

GC Heap History (10 events):
Event: 0.925 GC heap before
{Heap before GC invocations=1 (full 0):
 PSYoungGen      total 76288K, used 65536K [0x000000076af80000, 0x0000000770480000, 0x00000007c0000000)
  eden space 65536K, 100% used [0x000000076af80000,0x000000076ef80000,0x000000076ef80000)
  from space 10752K, 0% used [0x000000076fa00000,0x000000076fa00000,0x0000000770480000)
  to   space 10752K, 0% used [0x000000076ef80000,0x000000076ef80000,0x000000076fa00000)
 ParOldGen       total 175104K, used 0K [0x00000006c0e00000, 0x00000006cb900000, 0x000000076af80000)
  object space 175104K, 0% used [0x00000006c0e00000,0x00000006c0e00000,0x00000006cb900000)
 Metaspace       used 15755K, capacity 16242K, committed 16512K, reserved 1062912K
  class space    used 2162K, capacity 2309K, committed 2432K, reserved 1048576K
Event: 0.933 GC heap after
Heap after GC invocations=1 (full 0):
 PSYoungGen      total 76288K, used 9994K [0x000000076af80000, 0x0000000770480000, 0x00000007c0000000)
  eden space 65536K, 0% used [0x000000076af80000,0x000000076af80000,0x000000076ef80000)
  from space 10752K, 92% used [0x000000076ef80000,0x000000076f942820,0x000000076fa00000)
  to   space 10752K, 0% used [0x000000076fa00000,0x000000076fa00000,0x0000000770480000)
 ParOldGen       total 175104K, used 16K [0x00000006c0e00000, 0x00000006cb900000, 0x000000076af80000)
  object space 175104K, 0% used [0x00000006c0e00000,0x00000006c0e04000,0x00000006cb900000)
 Metaspace       used 15755K, capacity 16242K, committed 16512K, reserved 1062912K
  class space    used 2162K, capacity 2309K, committed 2432K, reserved 1048576K
}
Event: 1.072 GC heap before
{Heap before GC invocations=2 (full 0):
 PSYoungGen      total 76288K, used 42846K [0x000000076af80000, 0x0000000770480000, 0x00000007c0000000)
  eden space 65536K, 50% used [0x000000076af80000,0x000000076cf953d0,0x000000076ef80000)
  from space 10752K, 92% used [0x000000076ef80000,0x000000076f942820,0x000000076fa00000)
  to   space 10752K, 0% used [0x000000076fa00000,0x000000076fa00000,0x0000000770480000)
 ParOldGen       total 175104K, used 16K [0x00000006c0e00000, 0x00000006cb900000, 0x000000076af80000)
  object space 175104K, 0% used [0x00000006c0e00000,0x00000006c0e04000,0x00000006cb900000)
 Metaspace       used 20671K, capacity 21263K, committed 21424K, reserved 1067008K
  class space    used 2788K, capacity 2946K, committed 3072K, reserved 1048576K
Event: 1.078 GC heap after
Heap after GC invocations=2 (full 0):
 PSYoungGen      total 76288K, used 9389K [0x000000076af80000, 0x0000000774480000, 0x00000007c0000000)
  eden space 65536K, 0% used [0x000000076af80000,0x000000076af80000,0x000000076ef80000)
  from space 10752K, 87% used [0x000000076fa00000,0x000000077032b788,0x0000000770480000)
  to   space 10752K, 0% used [0x000000076ef80000,0x000000076ef80000,0x000000076fa00000)
 ParOldGen       total 175104K, used 88K [0x00000006c0e00000, 0x00000006cb900000, 0x000000076af80000)
  object space 175104K, 0% used [0x00000006c0e00000,0x00000006c0e16010,0x00000006cb900000)
 Metaspace       used 20671K, capacity 21263K, committed 21424K, reserved 1067008K
  class space    used 2788K, capacity 2946K, committed 3072K, reserved 1048576K
}
Event: 1.102 GC heap before
{Heap before GC invocations=3 (full 0):
 PSYoungGen      total 76288K, used 16515K [0x000000076af80000, 0x0000000774480000, 0x00000007c0000000)
  eden space 65536K, 10% used [0x000000076af80000,0x000000076b6755f8,0x000000076ef80000)
  from space 10752K, 87% used [0x000000076fa00000,0x000000077032b788,0x0000000770480000)
  to   space 10752K, 0% used [0x000000076ef80000,0x000000076ef80000,0x000000076fa00000)
 ParOldGen       total 175104K, used 88K [0x00000006c0e00000, 0x00000006cb900000, 0x000000076af80000)
  object space 175104K, 0% used [0x00000006c0e00000,0x00000006c0e16010,0x00000006cb900000)
 Metaspace       used 20886K, capacity 21495K, committed 21628K, reserved 1069056K
  class space    used 2812K, capacity 2990K, committed 3072K, reserved 1048576K
Event: 1.106 GC heap after
Heap after GC invocations=3 (full 0):
 PSYoungGen      total 76288K, used 6285K [0x000000076af80000, 0x0000000774480000, 0x00000007c0000000)
  eden space 65536K, 0% used [0x000000076af80000,0x000000076af80000,0x000000076ef80000)
  from space 10752K, 58% used [0x000000076ef80000,0x000000076f5a35b8,0x000000076fa00000)
  to   space 10752K, 0% used [0x0000000773a00000,0x0000000773a00000,0x0000000774480000)
 ParOldGen       total 175104K, used 96K [0x00000006c0e00000, 0x00000006cb900000, 0x000000076af80000)
  object space 175104K, 0% used [0x00000006c0e00000,0x00000006c0e18010,0x00000006cb900000)
 Metaspace       used 20886K, capacity 21495K, committed 21628K, reserved 1069056K
  class space    used 2812K, capacity 2990K, committed 3072K, reserved 1048576K
}
Event: 1.106 GC heap before
{Heap before GC invocations=4 (full 1):
 PSYoungGen      total 76288K, used 6285K [0x000000076af80000, 0x0000000774480000, 0x00000007c0000000)
  eden space 65536K, 0% used [0x000000076af80000,0x000000076af80000,0x000000076ef80000)
  from space 10752K, 58% used [0x000000076ef80000,0x000000076f5a35b8,0x000000076fa00000)
  to   space 10752K, 0% used [0x0000000773a00000,0x0000000773a00000,0x0000000774480000)
 ParOldGen       total 175104K, used 96K [0x00000006c0e00000, 0x00000006cb900000, 0x000000076af80000)
  object space 175104K, 0% used [0x00000006c0e00000,0x00000006c0e18010,0x00000006cb900000)
 Metaspace       used 20886K, capacity 21495K, committed 21628K, reserved 1069056K
  class space    used 2812K, capacity 2990K, committed 3072K, reserved 1048576K
Event: 1.131 GC heap after
Heap after GC invocations=4 (full 1):
 PSYoungGen      total 76288K, used 0K [0x000000076af80000, 0x0000000774480000, 0x00000007c0000000)
  eden space 65536K, 0% used [0x000000076af80000,0x000000076af80000,0x000000076ef80000)
  from space 10752K, 0% used [0x000000076ef80000,0x000000076ef80000,0x000000076fa00000)
  to   space 10752K, 0% used [0x0000000773a00000,0x0000000773a00000,0x0000000774480000)
 ParOldGen       total 89600K, used 6158K [0x00000006c0e00000, 0x00000006c6580000, 0x000000076af80000)
  object space 89600K, 6% used [0x00000006c0e00000,0x00000006c1403840,0x00000006c6580000)
 Metaspace       used 20884K, capacity 21489K, committed 21628K, reserved 1069056K
  class space    used 2811K, capacity 2989K, committed 3072K, reserved 1048576K
}
Event: 1.604 GC heap before
{Heap before GC invocations=5 (full 1):
 PSYoungGen      total 76288K, used 65536K [0x000000076af80000, 0x0000000774480000, 0x00000007c0000000)
  eden space 65536K, 100% used [0x000000076af80000,0x000000076ef80000,0x000000076ef80000)
  from space 10752K, 0% used [0x000000076ef80000,0x000000076ef80000,0x000000076fa00000)
  to   space 10752K, 0% used [0x0000000773a00000,0x0000000773a00000,0x0000000774480000)
 ParOldGen       total 89600K, used 6158K [0x00000006c0e00000, 0x00000006c6580000, 0x000000076af80000)
  object space 89600K, 6% used [0x00000006c0e00000,0x00000006c1403840,0x00000006c6580000)
 Metaspace       used 26785K, capacity 27979K, committed 28288K, reserved 1073152K
  class space    used 3620K, capacity 3856K, committed 3968K, reserved 1048576K
Event: 1.610 GC heap after
Heap after GC invocations=5 (full 1):
 PSYoungGen      total 121856K, used 10749K [0x000000076af80000, 0x0000000774480000, 0x00000007c0000000)
  eden space 111104K, 0% used [0x000000076af80000,0x000000076af80000,0x0000000771c00000)
  from space 10752K, 99% used [0x0000000773a00000,0x000000077447f540,0x0000000774480000)
  to   space 10752K, 0% used [0x0000000772f80000,0x0000000772f80000,0x0000000773a00000)
 ParOldGen       total 89600K, used 7481K [0x00000006c0e00000, 0x00000006c6580000, 0x000000076af80000)
  object space 89600K, 8% used [0x00000006c0e00000,0x00000006c154e410,0x00000006c6580000)
 Metaspace       used 26785K, capacity 27979K, committed 28288K, reserved 1073152K
  class space    used 3620K, capacity 3856K, committed 3968K, reserved 1048576K
}

Deoptimization events (0 events):
No events

Internal exceptions (10 events):
Event: 1.832 Thread 0x0000000002b24000 Exception <a 'java/lang/ArrayIndexOutOfBoundsException'> (0x000000076cc7f198) thrown at [D:\re\workspace\8-2-build-windows-amd64-cygwin\jdk8u77\6540\hotspot\src\share\vm\runtime\sharedRuntime.cpp, line 605]
Event: 1.832 Thread 0x0000000002b24000 Exception <a 'java/lang/ArrayIndexOutOfBoundsException'> (0x000000076cc80788) thrown at [D:\re\workspace\8-2-build-windows-amd64-cygwin\jdk8u77\6540\hotspot\src\share\vm\runtime\sharedRuntime.cpp, line 605]
Event: 1.832 Thread 0x0000000002b24000 Exception <a 'java/lang/ArrayIndexOutOfBoundsException'> (0x000000076cc82260) thrown at [D:\re\workspace\8-2-build-windows-amd64-cygwin\jdk8u77\6540\hotspot\src\share\vm\runtime\sharedRuntime.cpp, line 605]
Event: 1.841 Thread 0x0000000002b24000 Exception <a 'java/lang/ArrayIndexOutOfBoundsException'> (0x000000076cd96200) thrown at [D:\re\workspace\8-2-build-windows-amd64-cygwin\jdk8u77\6540\hotspot\src\share\vm\runtime\sharedRuntime.cpp, line 605]
Event: 1.875 Thread 0x0000000002b24000 Exception <a 'java/lang/ArrayIndexOutOfBoundsException'> (0x000000076d23c3e0) thrown at [D:\re\workspace\8-2-build-windows-amd64-cygwin\jdk8u77\6540\hotspot\src\share\vm\runtime\sharedRuntime.cpp, line 605]
Event: 1.891 Thread 0x0000000002b24000 Exception <a 'java/lang/ArrayIndexOutOfBoundsException'> (0x000000076d404670) thrown at [D:\re\workspace\8-2-build-windows-amd64-cygwin\jdk8u77\6540\hotspot\src\share\vm\runtime\sharedRuntime.cpp, line 605]
Event: 1.908 Thread 0x0000000002b24000 Exception <a 'java/lang/ArrayIndexOutOfBoundsException'> (0x000000076d6099b8) thrown at [D:\re\workspace\8-2-build-windows-amd64-cygwin\jdk8u77\6540\hotspot\src\share\vm\runtime\sharedRuntime.cpp, line 605]
Event: 1.908 Thread 0x0000000002b24000 Exception <a 'java/lang/ArrayIndexOutOfBoundsException'> (0x000000076d60a978) thrown at [D:\re\workspace\8-2-build-windows-amd64-cygwin\jdk8u77\6540\hotspot\src\share\vm\runtime\sharedRuntime.cpp, line 605]
Event: 1.908 Thread 0x0000000002b24000 Exception <a 'java/lang/ArrayIndexOutOfBoundsException'> (0x000000076d60cc68) thrown at [D:\re\workspace\8-2-build-windows-amd64-cygwin\jdk8u77\6540\hotspot\src\share\vm\runtime\sharedRuntime.cpp, line 605]
Event: 6.969 Thread 0x000000002129b000 Exception <a 'java/lang/NoSuchMethodError': java.lang.Object.lambda$thenComparing$36697e65$1(Ljava/util/Comparator;Ljava/lang/Object;Ljava/lang/Object;)I> (0x000000076e266648) thrown at [D:\re\workspace\8-2-build-windows-amd64-cygwin\jdk8u77\6540\hotspot\s.v<‚Oý?

Events (10 events):
Event: 18.870 Executing VM operation: RevokeBias
Event: 18.870 Executing VM operation: RevokeBias done
Event: 18.870 Executing VM operation: RevokeBias
Event: 18.870 Executing VM operation: RevokeBias done
Event: 18.870 Executing VM operation: RevokeBias
Event: 18.870 Executing VM operation: RevokeBias done
Event: 18.871 Executing VM operation: RevokeBias
Event: 18.871 Executing VM operation: RevokeBias done
Event: 18.871 Executing VM operation: RevokeBias
Event: 18.871 Executing VM operation: RevokeBias done


Dynamic libraries:
0x00007ff6e5fd0000 - 0x00007ff6e6007000 	C:\Program Files\Java\jre1.8.0_77\bin\javaw.exe
0x00007ffc87930000 - 0x00007ffc87b11000 	C:\WINDOWS\SYSTEM32\ntdll.dll
0x00007ffc87420000 - 0x00007ffc874d2000 	C:\WINDOWS\System32\KERNEL32.DLL
0x00007ffc83d00000 - 0x00007ffc83f73000 	C:\WINDOWS\System32\KERNELBASE.dll
0x00007ffc874f0000 - 0x00007ffc87591000 	C:\WINDOWS\System32\ADVAPI32.dll
0x00007ffc856b0000 - 0x00007ffc8574e000 	C:\WINDOWS\System32\msvcrt.dll
0x00007ffc870c0000 - 0x00007ffc8711b000 	C:\WINDOWS\System32\sechost.dll
0x00007ffc85a60000 - 0x00007ffc85b84000 	C:\WINDOWS\System32\RPCRT4.dll
0x00007ffc85860000 - 0x00007ffc859f0000 	C:\WINDOWS\System32\USER32.dll
0x00007ffc83f80000 - 0x00007ffc83fa0000 	C:\WINDOWS\System32\win32u.dll
0x00007ffc87120000 - 0x00007ffc87148000 	C:\WINDOWS\System32\GDI32.dll
0x00007ffc83fa0000 - 0x00007ffc84132000 	C:\WINDOWS\System32\gdi32full.dll
0x00007ffc84ca0000 - 0x00007ffc84d3f000 	C:\WINDOWS\System32\msvcp_win.dll
0x00007ffc84330000 - 0x00007ffc8442a000 	C:\WINDOWS\System32\ucrtbase.dll
0x00007ffc78f70000 - 0x00007ffc791d9000 	C:\WINDOWS\WinSxS\amd64_microsoft.windows.common-controls_6595b64144ccf1df_6.0.17134.590_none_fb3d9bff3069e088\COMCTL32.dll
0x00007ffc84dc0000 - 0x00007ffc850e2000 	C:\WINDOWS\System32\combase.dll
0x00007ffc84d40000 - 0x00007ffc84dba000 	C:\WINDOWS\System32\bcryptPrimitives.dll
0x00007ffc87150000 - 0x00007ffc8717d000 	C:\WINDOWS\System32\IMM32.DLL
0x0000000069f50000 - 0x000000006a022000 	C:\Program Files\Java\jre1.8.0_77\bin\msvcr100.dll
0x000000006a5d0000 - 0x000000006ae60000 	C:\Program Files\Java\jre1.8.0_77\bin\server\jvm.dll
0x00007ffc874e0000 - 0x00007ffc874e8000 	C:\WINDOWS\System32\PSAPI.DLL
0x00007ffc803a0000 - 0x00007ffc803a9000 	C:\WINDOWS\SYSTEM32\WSOCK32.dll
0x00007ffc810c0000 - 0x00007ffc810e3000 	C:\WINDOWS\SYSTEM32\WINMM.dll
0x00007ffc7e1d0000 - 0x00007ffc7e1da000 	C:\WINDOWS\SYSTEM32\VERSION.dll
0x00007ffc859f0000 - 0x00007ffc85a5c000 	C:\WINDOWS\System32\WS2_32.dll
0x00007ffc80690000 - 0x00007ffc806ba000 	C:\WINDOWS\SYSTEM32\WINMMBASE.dll
0x00007ffc84b40000 - 0x00007ffc84b89000 	C:\WINDOWS\System32\cfgmgr32.dll
0x000000006a5c0000 - 0x000000006a5cf000 	C:\Program Files\Java\jre1.8.0_77\bin\verify.dll
0x000000006a590000 - 0x000000006a5b9000 	C:\Program Files\Java\jre1.8.0_77\bin\java.dll
0x000000006a570000 - 0x000000006a586000 	C:\Program Files\Java\jre1.8.0_77\bin\zip.dll
0x00007ffc85bb0000 - 0x00007ffc86ff0000 	C:\WINDOWS\System32\SHELL32.dll
0x00007ffc85750000 - 0x00007ffc857f9000 	C:\WINDOWS\System32\shcore.dll
0x00007ffc84430000 - 0x00007ffc84b3d000 	C:\WINDOWS\System32\windows.storage.dll
0x00007ffc873a0000 - 0x00007ffc873f1000 	C:\WINDOWS\System32\shlwapi.dll
0x00007ffc83cc0000 - 0x00007ffc83cd1000 	C:\WINDOWS\System32\kernel.appcore.dll
0x00007ffc83ce0000 - 0x00007ffc83cff000 	C:\WINDOWS\System32\profapi.dll
0x00007ffc83c40000 - 0x00007ffc83c8c000 	C:\WINDOWS\System32\powrprof.dll
0x00007ffc83c90000 - 0x00007ffc83c9a000 	C:\WINDOWS\System32\FLTLIB.DLL
0x000000006a4d0000 - 0x000000006a4dd000 	C:\Program Files\Java\jre1.8.0_77\bin\management.dll
0x000000006a550000 - 0x000000006a56a000 	C:\Program Files\Java\jre1.8.0_77\bin\net.dll
0x00007ffc834c0000 - 0x00007ffc83526000 	C:\WINDOWS\system32\mswsock.dll
0x000000006a530000 - 0x000000006a541000 	C:\Program Files\Java\jre1.8.0_77\bin\nio.dll
0x00007ffc58d60000 - 0x00007ffc58d76000 	C:\WINDOWS\system32\napinsp.dll
0x00007ffc58c90000 - 0x00007ffc58caa000 	C:\WINDOWS\system32\pnrpnsp.dll
0x00007ffc80220000 - 0x00007ffc80239000 	C:\WINDOWS\system32\NLAapi.dll
0x00007ffc83280000 - 0x00007ffc8333e000 	C:\WINDOWS\SYSTEM32\DNSAPI.dll
0x00007ffc87410000 - 0x00007ffc87418000 	C:\WINDOWS\System32\NSI.dll
0x00007ffc83240000 - 0x00007ffc83278000 	C:\WINDOWS\SYSTEM32\IPHLPAPI.DLL
0x00007ffc58bc0000 - 0x00007ffc58bce000 	C:\WINDOWS\System32\winrnr.dll
0x00007ffc7d250000 - 0x00007ffc7d265000 	C:\WINDOWS\System32\wshbth.dll
0x00007ffc7cb00000 - 0x00007ffc7cb0a000 	C:\Windows\System32\rasadhlp.dll
0x00007ffc7cb10000 - 0x00007ffc7cb82000 	C:\WINDOWS\System32\fwpuclnt.dll
0x00007ffc837a0000 - 0x00007ffc837c5000 	C:\WINDOWS\SYSTEM32\bcrypt.dll
0x00007ffc83670000 - 0x00007ffc83687000 	C:\WINDOWS\SYSTEM32\CRYPTSP.dll
0x00007ffc830a0000 - 0x00007ffc830d3000 	C:\WINDOWS\system32\rsaenh.dll
0x00007ffc83b70000 - 0x00007ffc83b98000 	C:\WINDOWS\SYSTEM32\USERENV.dll
0x00007ffc83690000 - 0x00007ffc8369b000 	C:\WINDOWS\SYSTEM32\CRYPTBASE.dll
0x00007ffc7d1e0000 - 0x00007ffc7d1f6000 	C:\WINDOWS\SYSTEM32\dhcpcsvc6.DLL
0x00007ffc7d1c0000 - 0x00007ffc7d1da000 	C:\WINDOWS\SYSTEM32\dhcpcsvc.DLL
0x00007ffc74c70000 - 0x00007ffc74c9e000 	C:\Windows\System32\JNIWin.dll
0x00007ffc74c40000 - 0x00007ffc74c62000 	C:\WINDOWS\SYSTEM32\VCRUNTIME140D.dll
0x00007ffc4ee60000 - 0x00007ffc4ef56000 	C:\WINDOWS\SYSTEM32\MSVCP140D.dll
0x00007ffc45230000 - 0x00007ffc453ee000 	C:\WINDOWS\SYSTEM32\ucrtbased.dll
0x00007ffc74d20000 - 0x00007ffc74ee9000 	C:\WINDOWS\SYSTEM32\dbghelp.dll

VM Arguments:
jvm_args: -Dcom.sun.management.jmxremote -Dcom.sun.management.jmxremote.port=2119 -Dcom.sun.management.jmxremote.authenticate=false -Dcom.sun.management.jmxremote.ssl=false -Djava.rmi.server.hostname=localhost -Dspring.jmx.enabled=true -Dspring.liveBeansView.mbeanDomain -Dspring.application.admin.enabled=true -Xverify:none -XX:TieredStopAtLevel=1 -Dfile.encoding=UTF-8 
java_command: com.hello.jni.HelloApplication --spring.output.ansi.enabled=always
java_class_path (initial): D:\workspace-sts-3.9.8.RELEASE\hello\target\classes;C:\Users\DBIS\.m2\repository\org\springframework\boot\spring-boot-starter-web\2.1.4.RELEASE\spring-boot-starter-web-2.1.4.RELEASE.jar;C:\Users\DBIS\.m2\repository\org\springframework\boot\spring-boot-starter\2.1.4.RELEASE\spring-boot-starter-2.1.4.RELEASE.jar;C:\Users\DBIS\.m2\repository\org\springframework\boot\spring-boot\2.1.4.RELEASE\spring-boot-2.1.4.RELEASE.jar;C:\Users\DBIS\.m2\repository\org\springframework\boot\spring-boot-autoconfigure\2.1.4.RELEASE\spring-boot-autoconfigure-2.1.4.RELEASE.jar;C:\Users\DBIS\.m2\repository\org\springframework\boot\spring-boot-starter-logging\2.1.4.RELEASE\spring-boot-starter-logging-2.1.4.RELEASE.jar;C:\Users\DBIS\.m2\repository\ch\qos\logback\logback-classic\1.2.3\logback-classic-1.2.3.jar;C:\Users\DBIS\.m2\repository\ch\qos\logback\logback-core\1.2.3\logback-core-1.2.3.jar;C:\Users\DBIS\.m2\repository\org\apache\logging\log4j\log4j-to-slf4j\2.11.2\log4j-to-slf4j-2.11.2.jar;C:\Users\DBIS\.m2\repository\org\apache\logging\log4j\log4j-api\2.11.2\log4j-api-2.11.2.jar;C:\Users\DBIS\.m2\repository\org\slf4j\jul-to-slf4j\1.7.26\jul-to-slf4j-1.7.26.jar;C:\Users\DBIS\.m2\repository\javax\annotation\javax.annotation-api\1.3.2\javax.annotation-api-1.3.2.jar;C:\Users\DBIS\.m2\repository\org\yaml\snakeyaml\1.23\snakeyaml-1.23.jar;C:\Users\DBIS\.m2\repository\org\springframework\boot\spring-boot-starter-json\2.1.4.RELEASE\spring-boot-starter-json-2.1.4.RELEASE.jar;C:\Users\DBIS\.m2\repository\com\fasterxml\jackson\core\jackson-databind\2.9.8\jackson-databind-2.9.8.jar;C:\Users\DBIS\.m2\repository\com\fasterxml\jackson\core\jackson-annotations\2.9.0\jackson-annotations-2.9.0.jar;C:\Users\DBIS\.m2\repository\com\fasterxml\jackson\core\jackson-core\2.9.8\jackson-core-2.9.8.jar;C:\Users\DBIS\.m2\repository\com\fasterxml\jackson\datatype\jackson-datatype-jdk8\2.9.8\jackson-datatype-jdk8-2.9.8.jar;C:\Users\DBIS\.m2\repository\com\fasterxml\jackson\datatype\jackso
Launcher Type: SUN_STANDARD

Environment Variables:
JAVA_HOME=C:\Program Files\Java\jdk-11.0.2
CLASSPATH=.;C:\Program Files\Java\jdk-11.0.2\lib;C:\Program Files\Java\jdk-11.0.2\lib\dt.jar;C:\Program Files\Java\jdk-11.0.2\lib\tools.jar;D:\Program Files\Weka-3-8\lib\mysql-connector-java-5.1.39-bin.jar.;D:\Program Files\Weka-3-8/lib/mssql-jdbc-6.2.2.jre7.jar.;D:\Program Files\Weka-3-8/lib/mssql-jdbc-6.2.2.jre7.jar
PATH=C:/Program Files/Java/jre1.8.0_77/bin/server;C:/Program Files/Java/jre1.8.0_77/bin;C:/Program Files/Java/jre1.8.0_77/lib/amd64;C:\ProgramData\Oracle\Java\javapath;C:\WINDOWS\system32;C:\WINDOWS;C:\WINDOWS\System32\Wbem;C:\WINDOWS\System32\WindowsPowerShell\v1.0\;C:\WINDOWS\System32\OpenSSH\;%USERPROFILE%\.dnx\bin;C:\Program Files\Microsoft DNX\Dnvm\;C:\Program Files\Microsoft SQL Server\130\Tools\Binn\;C:\Program Files (x86)\Windows Kits\10\Windows Performance Toolkit\;C:\Program Files\Pandoc\;D:\CTEX\UserData\miktex\bin;D:\CTEX\MiKTeX\miktex\bin;D:\CTEX\CTeX\ctex\bin;D:\CTEX\CTeX\cct\bin;D:\CTEX\CTeX\ty\bin;D:\CTEX\Ghostscript\gs9.05\bin;D:\CTEX\GSview\gsview;D:\CTEX\WinEdt;D:\Program Files\python;C:\Program Files\Java\jdk-11.0.2\bin;C:\Program Files\Java\jdk-11.0.2\jre\bin;C:\Program Files\Microsoft SQL Server\110\DTS\Binn\;C:\Program Files (x86)\Microsoft SQL Server\110\Tools\Binn\;C:\Program Files\Microsoft SQL Server\110\Tools\Binn\;C:\Program Files (x86)\Microsoft SQL Server\110\Tools\Binn\ManagementStudio\;C:\Program Files (x86)\Microsoft Visual Studio 10.0\Common7\IDE\PrivateAssemblies\;C:\Program Files (x86)\Microsoft SQL Server\110\DTS\Binn\;D:\Program Files\nodejs\;D:\Program Files\Git\cmd;D:\Program Files\apache-maven-3.6.1-bin\apache-maven-3.6.1\bin\;C:\Users\DBIS\AppData\Local\Microsoft\WindowsApps;C:\Users\DBIS\AppData\Roaming\npm;D:\Program Files\JetBrains\IntelliJ IDEA Community Edition 2019.1.1\bin;D:\spring-tool-suite-3.9.8.RELEASE-e4.11.0-win32-x86_64\sts-bundle\sts-3.9.8.RELEASE;
USERNAME=DBIS
OS=Windows_NT
PROCESSOR_IDENTIFIER=Intel64 Family 6 Model 94 Stepping 3, GenuineIntel



---------------  S Y S T E M  ---------------

OS: Windows 10.0 , 64 bit Build 17134 (10.0.17134.556)

CPU:total 8 (4 cores per cpu, 2 threads per core) family 6 model 94 stepping 3, cmov, cx8, fxsr, mmx, sse, sse2, sse3, ssse3, sse4.1, sse4.2, popcnt, avx, avx2, aes, clmul, erms, rtm, 3dnowpref, lzcnt, ht, tsc, tscinvbit, bmi1, bmi2, adx

Memory: 4k page, physical 16714580k(5656080k free), swap 19204948k(6792756k free)

vm_info: Java HotSpot(TM) 64-Bit Server VM (25.77-b03) for windows-amd64 JRE (1.8.0_77-b03), built on Mar 20 2016 22:01:33 by "java_re" with MS VC++ 10.0 (VS2010)

time: Sun May 05 20:59:06 2019
elapsed time: 19 seconds (0d 0h 0m 19s)

