#
# A fatal error has been detected by the Java Runtime Environment:
#
#  EXCEPTION_ACCESS_VIOLATION (0xc0000005) at pc=0x00007ffc6ad81a99, pid=8644, tid=6948
#
# JRE version: Java(TM) SE Runtime Environment (8.0_77-b03) (build 1.8.0_77-b03)
# Java VM: Java HotSpot(TM) 64-Bit Server VM (25.77-b03 mixed mode windows-amd64 compressed oops)
# Problematic frame:
# C  [VCRUNTIME140D.dll+0x1a99]
#
# Failed to write core dump. Minidumps are not enabled by default on client versions of Windows
#
# If you would like to submit a bug report, please visit:
#   http://bugreport.java.com/bugreport/crash.jsp
# The crash happened outside the Java Virtual Machine in native code.
# See problematic frame for where to report the bug.
#

---------------  T H R E A D  ---------------

Current thread (0x00000000213d8000):  JavaThread "http-nio-8080-exec-1" daemon [_thread_in_native, id=6948, stack(0x0000000022a00000,0x0000000022b00000)]

siginfo: ExceptionCode=0xc0000005, writing address 0x0000000000000000

Registers:
RAX=0x0000000000000000, RBX=0x000000002280fd98, RCX=0xffffffffcccccccc, RDX=0x0000000022afcdf8
RSP=0x0000000022afc958, RBP=0x0000000022afc980, RSI=0x00000000213d8000, RDI=0x0000000000000000
R8 =0xffffffffcccccccc, R9 =0x0000000000000000, R10=0x0000000000000016, R11=0x0000000000000000
R12=0x0000000000000000, R13=0x000000002280fd80, R14=0x0000000022afd1c8, R15=0x00000000213d8000
RIP=0x00007ffc6ad81a99, EFLAGS=0x0000000000010283

Top of Stack: (sp=0x0000000022afc958)
0x0000000022afc958:   00007ffc6adc3199 ffffffffcccccccc
0x0000000022afc968:   00007ffc6adc1172 00000000213d8000
0x0000000022afc978:   0000000000000000 cccccccccccccccc
0x0000000022afc988:   cccccccccccccccc 0000000002020202
0x0000000022afc998:   cccccccccccccccc 206b636f536e6957
0x0000000022afc9a8:   cccccccc00302e32 cccccccccccccccc
0x0000000022afc9b8:   cccccccccccccccc cccccccccccccccc
0x0000000022afc9c8:   cccccccccccccccc cccccccccccccccc
0x0000000022afc9d8:   cccccccccccccccc cccccccccccccccc
0x0000000022afc9e8:   cccccccccccccccc cccccccccccccccc
0x0000000022afc9f8:   cccccccccccccccc cccccccccccccccc
0x0000000022afca08:   cccccccccccccccc cccccccccccccccc
0x0000000022afca18:   cccccccccccccccc cccccccccccccccc
0x0000000022afca28:   cccccccccccccccc cccccccccccccccc
0x0000000022afca38:   cccccccccccccccc cccccccccccccccc
0x0000000022afca48:   cccccccccccccccc cccccccccccccccc 

Instructions: (pc=0x00007ffc6ad81a99)
0x00007ffc6ad81a79:   f8 80 00 00 00 0f 86 7c 00 00 00 0f ba 25 8c a9
0x00007ffc6ad81a89:   01 00 01 73 22 8b c2 48 8b d7 48 8b f9 49 8b c8
0x00007ffc6ad81a99:   f3 aa 48 8b fa 49 8b c3 c3 66 66 66 66 66 66 0f
0x00007ffc6ad81aa9:   1f 84 00 00 00 00 00 0f 11 01 4c 03 c1 48 83 c1 


Register to memory mapping:

RAX=0x0000000000000000 is an unknown value
RBX={method} {0x000000002280fda0} 'EncryptineConnect' '(Ljava/lang/String;Ljava/lang/String;Ljava/lang/String;Ljava/lang/String;Ljava/lang/String;)Ljava/lang/String;' in 'jni/client'
RCX=0xffffffffcccccccc is an unknown value
RDX=0x0000000022afcdf8 is pointing into the stack for thread: 0x00000000213d8000
RSP=0x0000000022afc958 is pointing into the stack for thread: 0x00000000213d8000
RBP=0x0000000022afc980 is pointing into the stack for thread: 0x00000000213d8000
RSI=0x00000000213d8000 is a thread
RDI=0x0000000000000000 is an unknown value
R8 =0xffffffffcccccccc is an unknown value
R9 =0x0000000000000000 is an unknown value
R10=0x0000000000000016 is an unknown value
R11=0x0000000000000000 is an unknown value
R12=0x0000000000000000 is an unknown value
R13=0x000000002280fd80 is pointing into metadata
R14=0x0000000022afd1c8 is pointing into the stack for thread: 0x00000000213d8000
R15=0x00000000213d8000 is a thread


Stack: [0x0000000022a00000,0x0000000022b00000],  sp=0x0000000022afc958,  free space=1010k
Native frames: (J=compiled Java code, j=interpreted, Vv=VM code, C=native code)
C  [VCRUNTIME140D.dll+0x1a99]
C  [JNIWin.dll+0x13199]
C  [JNIWin.dll+0x12cef]
C  [JNIWin.dll+0x163a2]
C  0x0000000002de5e34

Java frames: (J=compiled Java code, j=interpreted, Vv=VM code)
j  jni.client.EncryptineConnect(Ljava/lang/String;Ljava/lang/String;Ljava/lang/String;Ljava/lang/String;Ljava/lang/String;)Ljava/lang/String;+0
j  com.hello.jni.Hello.test()Ljava/lang/String;+27
v  ~StubRoutines::call_stub
J 2023  sun.reflect.NativeMethodAccessorImpl.invoke0(Ljava/lang/reflect/Method;Ljava/lang/Object;[Ljava/lang/Object;)Ljava/lang/Object; (0 bytes) @ 0x000000000321cc3f [0x000000000321cbc0+0x7f]
J 2020 C1 sun.reflect.NativeMethodAccessorImpl.invoke(Ljava/lang/Object;[Ljava/lang/Object;)Ljava/lang/Object; (104 bytes) @ 0x000000000321bb14 [0x000000000321b760+0x3b4]
J 1483 C1 sun.reflect.DelegatingMethodAccessorImpl.invoke(Ljava/lang/Object;[Ljava/lang/Object;)Ljava/lang/Object; (10 bytes) @ 0x0000000003109664 [0x0000000003109620+0x44]
J 1482 C1 java.lang.reflect.Method.invoke(Ljava/lang/Object;[Ljava/lang/Object;)Ljava/lang/Object; (62 bytes) @ 0x000000000310928c [0x00000000031091a0+0xec]
j  org.springframework.web.method.support.InvocableHandlerMethod.doInvoke([Ljava/lang/Object;)Ljava/lang/Object;+16
j  org.springframework.web.method.support.InvocableHandlerMethod.invokeForRequest(Lorg/springframework/web/context/request/NativeWebRequest;Lorg/springframework/web/method/support/ModelAndViewContainer;[Ljava/lang/Object;)Ljava/lang/Object;+56
j  org.springframework.web.servlet.mvc.method.annotation.ServletInvocableHandlerMethod.invokeAndHandle(Lorg/springframework/web/context/request/ServletWebRequest;Lorg/springframework/web/method/support/ModelAndViewContainer;[Ljava/lang/Object;)V+4
j  org.springframework.web.servlet.mvc.method.annotation.RequestMappingHandlerAdapter.invokeHandlerMethod(Ljavax/servlet/http/HttpServletRequest;Ljavax/servlet/http/HttpServletResponse;Lorg/springframework/web/method/HandlerMethod;)Lorg/springframework/web/servlet/ModelAndView;+244
j  org.springframework.web.servlet.mvc.method.annotation.RequestMappingHandlerAdapter.handleInternal(Ljavax/servlet/http/HttpServletRequest;Ljavax/servlet/http/HttpServletResponse;Lorg/springframework/web/method/HandlerMethod;)Lorg/springframework/web/servlet/ModelAndView;+81
j  org.springframework.web.servlet.mvc.method.AbstractHandlerMethodAdapter.handle(Ljavax/servlet/http/HttpServletRequest;Ljavax/servlet/http/HttpServletResponse;Ljava/lang/Object;)Lorg/springframework/web/servlet/ModelAndView;+7
j  org.springframework.web.servlet.DispatcherServlet.doDispatch(Ljavax/servlet/http/HttpServletRequest;Ljavax/servlet/http/HttpServletResponse;)V+257
j  org.springframework.web.servlet.DispatcherServlet.doService(Ljavax/servlet/http/HttpServletRequest;Ljavax/servlet/http/HttpServletResponse;)V+212
j  org.springframework.web.servlet.FrameworkServlet.processRequest(Ljavax/servlet/http/HttpServletRequest;Ljavax/servlet/http/HttpServletResponse;)V+71
j  org.springframework.web.servlet.FrameworkServlet.doGet(Ljavax/servlet/http/HttpServletRequest;Ljavax/servlet/http/HttpServletResponse;)V+3
j  javax.servlet.http.HttpServlet.service(Ljavax/servlet/http/HttpServletRequest;Ljavax/servlet/http/HttpServletResponse;)V+35
j  org.springframework.web.servlet.FrameworkServlet.service(Ljavax/servlet/http/HttpServletRequest;Ljavax/servlet/http/HttpServletResponse;)V+33
j  javax.servlet.http.HttpServlet.service(Ljavax/servlet/ServletRequest;Ljavax/servlet/ServletResponse;)V+36
j  org.apache.catalina.core.ApplicationFilterChain.internalDoFilter(Ljavax/servlet/ServletRequest;Ljavax/servlet/ServletResponse;)V+304
j  org.apache.catalina.core.ApplicationFilterChain.doFilter(Ljavax/servlet/ServletRequest;Ljavax/servlet/ServletResponse;)V+101
j  org.apache.tomcat.websocket.server.WsFilter.doFilter(Ljavax/servlet/ServletRequest;Ljavax/servlet/ServletResponse;Ljavax/servlet/FilterChain;)V+21
j  org.apache.catalina.core.ApplicationFilterChain.internalDoFilter(Ljavax/servlet/ServletRequest;Ljavax/servlet/ServletResponse;)V+135
j  org.apache.catalina.core.ApplicationFilterChain.doFilter(Ljavax/servlet/ServletRequest;Ljavax/servlet/ServletResponse;)V+101
j  org.springframework.web.filter.RequestContextFilter.doFilterInternal(Ljavax/servlet/http/HttpServletRequest;Ljavax/servlet/http/HttpServletResponse;Ljavax/servlet/FilterChain;)V+21
j  org.springframework.web.filter.OncePerRequestFilter.doFilter(Ljavax/servlet/ServletRequest;Ljavax/servlet/ServletResponse;Ljavax/servlet/FilterChain;)V+111
j  org.apache.catalina.core.ApplicationFilterChain.internalDoFilter(Ljavax/servlet/ServletRequest;Ljavax/servlet/ServletResponse;)V+135
j  org.apache.catalina.core.ApplicationFilterChain.doFilter(Ljavax/servlet/ServletRequest;Ljavax/servlet/ServletResponse;)V+101
j  org.springframework.web.filter.FormContentFilter.doFilterInternal(Ljavax/servlet/http/HttpServletRequest;Ljavax/servlet/http/HttpServletResponse;Ljavax/servlet/FilterChain;)V+38
j  org.springframework.web.filter.OncePerRequestFilter.doFilter(Ljavax/servlet/ServletRequest;Ljavax/servlet/ServletResponse;Ljavax/servlet/FilterChain;)V+111
j  org.apache.catalina.core.ApplicationFilterChain.internalDoFilter(Ljavax/servlet/ServletRequest;Ljavax/servlet/ServletResponse;)V+135
j  org.apache.catalina.core.ApplicationFilterChain.doFilter(Ljavax/servlet/ServletRequest;Ljavax/servlet/ServletResponse;)V+101
j  org.springframework.web.filter.HiddenHttpMethodFilter.doFilterInternal(Ljavax/servlet/http/HttpServletRequest;Ljavax/servlet/http/HttpServletResponse;Ljavax/servlet/FilterChain;)V+87
j  org.springframework.web.filter.OncePerRequestFilter.doFilter(Ljavax/servlet/ServletRequest;Ljavax/servlet/ServletResponse;Ljavax/servlet/FilterChain;)V+111
j  org.apache.catalina.core.ApplicationFilterChain.internalDoFilter(Ljavax/servlet/ServletRequest;Ljavax/servlet/ServletResponse;)V+135
j  org.apache.catalina.core.ApplicationFilterChain.doFilter(Ljavax/servlet/ServletRequest;Ljavax/servlet/ServletResponse;)V+101
j  org.springframework.web.filter.CharacterEncodingFilter.doFilterInternal(Ljavax/servlet/http/HttpServletRequest;Ljavax/servlet/http/HttpServletResponse;Ljavax/servlet/FilterChain;)V+53
j  org.springframework.web.filter.OncePerRequestFilter.doFilter(Ljavax/servlet/ServletRequest;Ljavax/servlet/ServletResponse;Ljavax/servlet/FilterChain;)V+111
j  org.apache.catalina.core.ApplicationFilterChain.internalDoFilter(Ljavax/servlet/ServletRequest;Ljavax/servlet/ServletResponse;)V+135
j  org.apache.catalina.core.ApplicationFilterChain.doFilter(Ljavax/servlet/ServletRequest;Ljavax/servlet/ServletResponse;)V+101
j  org.apache.catalina.core.StandardWrapperValve.invoke(Lorg/apache/catalina/connector/Request;Lorg/apache/catalina/connector/Response;)V+688
j  org.apache.catalina.core.StandardContextValve.invoke(Lorg/apache/catalina/connector/Request;Lorg/apache/catalina/connector/Response;)V+166
j  org.apache.catalina.authenticator.AuthenticatorBase.invoke(Lorg/apache/catalina/connector/Request;Lorg/apache/catalina/connector/Response;)V+260
j  org.apache.catalina.core.StandardHostValve.invoke(Lorg/apache/catalina/connector/Request;Lorg/apache/catalina/connector/Response;)V+114
j  org.apache.catalina.valves.ErrorReportValve.invoke(Lorg/apache/catalina/connector/Request;Lorg/apache/catalina/connector/Response;)V+6
j  org.apache.catalina.core.StandardEngineValve.invoke(Lorg/apache/catalina/connector/Request;Lorg/apache/catalina/connector/Response;)V+45
j  org.apache.catalina.connector.CoyoteAdapter.service(Lorg/apache/coyote/Request;Lorg/apache/coyote/Response;)V+199
j  org.apache.coyote.http11.Http11Processor.service(Lorg/apache/tomcat/util/net/SocketWrapperBase;)Lorg/apache/tomcat/util/net/AbstractEndpoint$Handler$SocketState;+791
j  org.apache.coyote.AbstractProcessorLight.process(Lorg/apache/tomcat/util/net/SocketWrapperBase;Lorg/apache/tomcat/util/net/SocketEvent;)Lorg/apache/tomcat/util/net/AbstractEndpoint$Handler$SocketState;+113
j  org.apache.coyote.AbstractProtocol$ConnectionHandler.process(Lorg/apache/tomcat/util/net/SocketWrapperBase;Lorg/apache/tomcat/util/net/SocketEvent;)Lorg/apache/tomcat/util/net/AbstractEndpoint$Handler$SocketState;+414
j  org.apache.tomcat.util.net.NioEndpoint$SocketProcessor.doRun()V+191
j  org.apache.tomcat.util.net.SocketProcessorBase.run()V+21
j  java.util.concurrent.ThreadPoolExecutor.runWorker(Ljava/util/concurrent/ThreadPoolExecutor$Worker;)V+95
j  java.util.concurrent.ThreadPoolExecutor$Worker.run()V+5
j  org.apache.tomcat.util.threads.TaskThread$WrappingRunnable.run()V+4
j  java.lang.Thread.run()V+11
v  ~StubRoutines::call_stub

---------------  P R O C E S S  ---------------

Java Threads: ( => current thread )
  0x0000000021416000 JavaThread "DestroyJavaVM" [_thread_blocked, id=18800, stack(0x0000000002bd0000,0x0000000002cd0000)]
  0x0000000021415800 JavaThread "http-nio-8080-Acceptor-0" daemon [_thread_in_native, id=740, stack(0x0000000023600000,0x0000000023700000)]
  0x0000000021414000 JavaThread "http-nio-8080-ClientPoller-1" daemon [_thread_in_native, id=9160, stack(0x0000000023500000,0x0000000023600000)]
  0x0000000021412800 JavaThread "http-nio-8080-ClientPoller-0" daemon [_thread_in_native, id=14924, stack(0x0000000023400000,0x0000000023500000)]
  0x0000000021419000 JavaThread "http-nio-8080-exec-10" daemon [_thread_blocked, id=13296, stack(0x0000000023300000,0x0000000023400000)]
  0x0000000021413000 JavaThread "http-nio-8080-exec-9" daemon [_thread_blocked, id=3352, stack(0x0000000023200000,0x0000000023300000)]
  0x0000000021417000 JavaThread "http-nio-8080-exec-8" daemon [_thread_blocked, id=16204, stack(0x0000000023100000,0x0000000023200000)]
  0x0000000021414800 JavaThread "http-nio-8080-exec-7" daemon [_thread_blocked, id=18700, stack(0x0000000023000000,0x0000000023100000)]
  0x0000000021417800 JavaThread "http-nio-8080-exec-6" daemon [_thread_blocked, id=13256, stack(0x0000000022f00000,0x0000000023000000)]
  0x0000000021418800 JavaThread "http-nio-8080-exec-5" daemon [_thread_blocked, id=2512, stack(0x0000000022e00000,0x0000000022f00000)]
  0x0000000021411800 JavaThread "http-nio-8080-exec-4" daemon [_thread_blocked, id=16040, stack(0x0000000022d00000,0x0000000022e00000)]
  0x000000002140d000 JavaThread "http-nio-8080-exec-3" daemon [_thread_blocked, id=18656, stack(0x0000000022c00000,0x0000000022d00000)]
  0x00000000213d8800 JavaThread "http-nio-8080-exec-2" daemon [_thread_blocked, id=7740, stack(0x0000000022b00000,0x0000000022c00000)]
=>0x00000000213d8000 JavaThread "http-nio-8080-exec-1" daemon [_thread_in_native, id=6948, stack(0x0000000022a00000,0x0000000022b00000)]
  0x00000000213d7000 JavaThread "NioBlockingSelector.BlockPoller-1" daemon [_thread_in_native, id=9288, stack(0x0000000022900000,0x0000000022a00000)]
  0x0000000021364800 JavaThread "container-0" [_thread_blocked, id=5104, stack(0x0000000022600000,0x0000000022700000)]
  0x000000002135c000 JavaThread "Catalina-utility-2" [_thread_blocked, id=12116, stack(0x0000000022500000,0x0000000022600000)]
  0x000000002135a000 JavaThread "Catalina-utility-1" [_thread_blocked, id=18920, stack(0x0000000022400000,0x0000000022500000)]
  0x000000001f3cb000 JavaThread "RMI TCP Accept-0" daemon [_thread_in_native, id=12284, stack(0x000000001fd80000,0x000000001fe80000)]
  0x000000001eb65000 JavaThread "RMI TCP Accept-11410" daemon [_thread_in_native, id=12424, stack(0x000000001fc80000,0x000000001fd80000)]
  0x000000001eb32000 JavaThread "RMI TCP Accept-0" daemon [_thread_in_native, id=14740, stack(0x000000001fb80000,0x000000001fc80000)]
  0x000000001e89f800 JavaThread "Service Thread" daemon [_thread_blocked, id=5476, stack(0x000000001f280000,0x000000001f380000)]
  0x000000001e820800 JavaThread "C1 CompilerThread3" daemon [_thread_blocked, id=8204, stack(0x000000001f180000,0x000000001f280000)]
  0x000000001e81e800 JavaThread "C2 CompilerThread2" daemon [_thread_blocked, id=11644, stack(0x000000001f080000,0x000000001f180000)]
  0x000000001e80e000 JavaThread "C2 CompilerThread1" daemon [_thread_blocked, id=14508, stack(0x000000001ef80000,0x000000001f080000)]
  0x000000001e80c000 JavaThread "C2 CompilerThread0" daemon [_thread_blocked, id=17972, stack(0x000000001ee80000,0x000000001ef80000)]
  0x000000001e80a000 JavaThread "Attach Listener" daemon [_thread_blocked, id=17236, stack(0x000000001ed80000,0x000000001ee80000)]
  0x000000001e809800 JavaThread "Signal Dispatcher" daemon [_thread_blocked, id=18008, stack(0x000000001ec80000,0x000000001ed80000)]
  0x000000001e7a0800 JavaThread "Finalizer" daemon [_thread_blocked, id=18056, stack(0x000000001eb80000,0x000000001ec80000)]
  0x000000001c86d000 JavaThread "Reference Handler" daemon [_thread_blocked, id=12820, stack(0x000000001e680000,0x000000001e780000)]

Other Threads:
  0x000000001c869000 VMThread [stack: 0x000000001e580000,0x000000001e680000] [id=17832]
  0x000000001eb7d800 WatcherThread [stack: 0x000000001fe80000,0x000000001ff80000] [id=9204]

VM state:not at safepoint (normal execution)

VM Mutex/Monitor currently owned by a thread: None

Heap:
 PSYoungGen      total 76288K, used 66232K [0x000000076af80000, 0x0000000772680000, 0x00000007c0000000)
  eden space 65536K, 84% used [0x000000076af80000,0x000000076e5b13c8,0x000000076ef80000)
  from space 10752K, 99% used [0x000000076ef80000,0x000000076f9fce28,0x000000076fa00000)
  to   space 10752K, 0% used [0x0000000771c00000,0x0000000771c00000,0x0000000772680000)
 ParOldGen       total 101888K, used 9925K [0x00000006c0e00000, 0x00000006c7180000, 0x000000076af80000)
  object space 101888K, 9% used [0x00000006c0e00000,0x00000006c17b1690,0x00000006c7180000)
 Metaspace       used 30672K, capacity 32200K, committed 32384K, reserved 1077248K
  class space    used 4167K, capacity 4444K, committed 4480K, reserved 1048576K

Card table byte_map: [0x0000000012190000,0x0000000012990000] byte_map_base: 0x000000000eb89000

Marking Bits: (ParMarkBitMap*) 0x000000006ab80600
 Begin Bits: [0x00000000136f0000, 0x00000000176b8000)
 End Bits:   [0x00000000176b8000, 0x000000001b680000)

Polling page: 0x0000000000f50000

CodeCache: size=245760Kb used=5927Kb max_used=5927Kb free=239832Kb
 bounds [0x0000000002dd0000, 0x00000000033a0000, 0x0000000011dd0000]
 total_blobs=3259 nmethods=2839 adapters=332
 compilation: enabled

Compilation events (10 events):
Event: 8.631 Thread 0x000000001e820800 2835   !   1       org.springframework.beans.factory.support.DefaultListableBeanFactory::doGetBeanNamesForType (593 bytes)
Event: 8.634 Thread 0x000000001e820800 nmethod 2835 0x0000000003394650 code [0x0000000003394b20, 0x0000000003396e98]
Event: 8.634 Thread 0x000000001e820800 2836       1       java.lang.Class::getMethods (17 bytes)
Event: 8.635 Thread 0x000000001e820800 nmethod 2836 0x0000000003399190 code [0x0000000003399320, 0x00000000033994b8]
Event: 8.635 Thread 0x000000001e820800 2837       1       org.springframework.beans.factory.support.AbstractBeanFactory::getBean (9 bytes)
Event: 8.635 Thread 0x000000001e820800 nmethod 2837 0x0000000003399590 code [0x00000000033996e0, 0x0000000003399828]
Event: 8.635 Thread 0x000000001e820800 2838       1       org.springframework.beans.factory.support.AbstractAutowireCapableBeanFactory::getInstantiationStrategy (5 bytes)
Event: 8.635 Thread 0x000000001e820800 nmethod 2838 0x00000000033998d0 code [0x0000000003399a20, 0x0000000003399b30]
Event: 8.650 Thread 0x000000001e820800 2839       1       java.io.ExpiringCache::access$000 (5 bytes)
Event: 8.650 Thread 0x000000001e820800 nmethod 2839 0x0000000003399b90 code [0x0000000003399ce0, 0x0000000003399dd0]

GC Heap History (8 events):
Event: 1.004 GC heap before
{Heap before GC invocations=1 (full 0):
 PSYoungGen      total 76288K, used 65536K [0x000000076af80000, 0x0000000770480000, 0x00000007c0000000)
  eden space 65536K, 100% used [0x000000076af80000,0x000000076ef80000,0x000000076ef80000)
  from space 10752K, 0% used [0x000000076fa00000,0x000000076fa00000,0x0000000770480000)
  to   space 10752K, 0% used [0x000000076ef80000,0x000000076ef80000,0x000000076fa00000)
 ParOldGen       total 175104K, used 0K [0x00000006c0e00000, 0x00000006cb900000, 0x000000076af80000)
  object space 175104K, 0% used [0x00000006c0e00000,0x00000006c0e00000,0x00000006cb900000)
 Metaspace       used 15872K, capacity 16370K, committed 16512K, reserved 1062912K
  class space    used 2173K, capacity 2309K, committed 2432K, reserved 1048576K
Event: 1.012 GC heap after
Heap after GC invocations=1 (full 0):
 PSYoungGen      total 76288K, used 10084K [0x000000076af80000, 0x0000000770480000, 0x00000007c0000000)
  eden space 65536K, 0% used [0x000000076af80000,0x000000076af80000,0x000000076ef80000)
  from space 10752K, 93% used [0x000000076ef80000,0x000000076f959188,0x000000076fa00000)
  to   space 10752K, 0% used [0x000000076fa00000,0x000000076fa00000,0x0000000770480000)
 ParOldGen       total 175104K, used 16K [0x00000006c0e00000, 0x00000006cb900000, 0x000000076af80000)
  object space 175104K, 0% used [0x00000006c0e00000,0x00000006c0e04000,0x00000006cb900000)
 Metaspace       used 15872K, capacity 16370K, committed 16512K, reserved 1062912K
  class space    used 2173K, capacity 2309K, committed 2432K, reserved 1048576K
}
Event: 1.144 GC heap before
{Heap before GC invocations=2 (full 0):
 PSYoungGen      total 76288K, used 42054K [0x000000076af80000, 0x0000000770480000, 0x00000007c0000000)
  eden space 65536K, 48% used [0x000000076af80000,0x000000076ceb87c0,0x000000076ef80000)
  from space 10752K, 93% used [0x000000076ef80000,0x000000076f959188,0x000000076fa00000)
  to   space 10752K, 0% used [0x000000076fa00000,0x000000076fa00000,0x0000000770480000)
 ParOldGen       total 175104K, used 16K [0x00000006c0e00000, 0x00000006cb900000, 0x000000076af80000)
  object space 175104K, 0% used [0x00000006c0e00000,0x00000006c0e04000,0x00000006cb900000)
 Metaspace       used 20629K, capacity 21200K, committed 21296K, reserved 1067008K
  class space    used 2781K, capacity 2934K, committed 2944K, reserved 1048576K
Event: 1.152 GC heap after
Heap after GC invocations=2 (full 0):
 PSYoungGen      total 76288K, used 9197K [0x000000076af80000, 0x0000000774480000, 0x00000007c0000000)
  eden space 65536K, 0% used [0x000000076af80000,0x000000076af80000,0x000000076ef80000)
  from space 10752K, 85% used [0x000000076fa00000,0x00000007702fb5f8,0x0000000770480000)
  to   space 10752K, 0% used [0x000000076ef80000,0x000000076ef80000,0x000000076fa00000)
 ParOldGen       total 175104K, used 88K [0x00000006c0e00000, 0x00000006cb900000, 0x000000076af80000)
  object space 175104K, 0% used [0x00000006c0e00000,0x00000006c0e16010,0x00000006cb900000)
 Metaspace       used 20629K, capacity 21200K, committed 21296K, reserved 1067008K
  class space    used 2781K, capacity 2934K, committed 2944K, reserved 1048576K
}
Event: 1.152 GC heap before
{Heap before GC invocations=3 (full 1):
 PSYoungGen      total 76288K, used 9197K [0x000000076af80000, 0x0000000774480000, 0x00000007c0000000)
  eden space 65536K, 0% used [0x000000076af80000,0x000000076af80000,0x000000076ef80000)
  from space 10752K, 85% used [0x000000076fa00000,0x00000007702fb5f8,0x0000000770480000)
  to   space 10752K, 0% used [0x000000076ef80000,0x000000076ef80000,0x000000076fa00000)
 ParOldGen       total 175104K, used 88K [0x00000006c0e00000, 0x00000006cb900000, 0x000000076af80000)
  object space 175104K, 0% used [0x00000006c0e00000,0x00000006c0e16010,0x00000006cb900000)
 Metaspace       used 20629K, capacity 21200K, committed 21296K, reserved 1067008K
  class space    used 2781K, capacity 2934K, committed 2944K, reserved 1048576K
Event: 1.176 GC heap after
Heap after GC invocations=3 (full 1):
 PSYoungGen      total 76288K, used 0K [0x000000076af80000, 0x0000000774480000, 0x00000007c0000000)
  eden space 65536K, 0% used [0x000000076af80000,0x000000076af80000,0x000000076ef80000)
  from space 10752K, 0% used [0x000000076fa00000,0x000000076fa00000,0x0000000770480000)
  to   space 10752K, 0% used [0x000000076ef80000,0x000000076ef80000,0x000000076fa00000)
 ParOldGen       total 101888K, used 8843K [0x00000006c0e00000, 0x00000006c7180000, 0x000000076af80000)
  object space 101888K, 8% used [0x00000006c0e00000,0x00000006c16a2fd0,0x00000006c7180000)
 Metaspace       used 20628K, capacity 21194K, committed 21296K, reserved 1067008K
  class space    used 2781K, capacity 2933K, committed 2944K, reserved 1048576K
}
Event: 1.691 GC heap before
{Heap before GC invocations=4 (full 1):
 PSYoungGen      total 76288K, used 65536K [0x000000076af80000, 0x0000000774480000, 0x00000007c0000000)
  eden space 65536K, 100% used [0x000000076af80000,0x000000076ef80000,0x000000076ef80000)
  from space 10752K, 0% used [0x000000076fa00000,0x000000076fa00000,0x0000000770480000)
  to   space 10752K, 0% used [0x000000076ef80000,0x000000076ef80000,0x000000076fa00000)
 ParOldGen       total 101888K, used 8843K [0x00000006c0e00000, 0x00000006c7180000, 0x000000076af80000)
  object space 101888K, 8% used [0x00000006c0e00000,0x00000006c16a2fd0,0x00000006c7180000)
 Metaspace       used 26169K, capacity 27360K, committed 27648K, reserved 1073152K
  class space    used 3565K, capacity 3822K, committed 3840K, reserved 1048576K
Event: 1.696 GC heap after
Heap after GC invocations=4 (full 1):
 PSYoungGen      total 76288K, used 10739K [0x000000076af80000, 0x0000000772680000, 0x00000007c0000000)
  eden space 65536K, 0% used [0x000000076af80000,0x000000076af80000,0x000000076ef80000)
  from space 10752K, 99% used [0x000000076ef80000,0x000000076f9fce28,0x000000076fa00000)
  to   space 10752K, 0% used [0x0000000771c00000,0x0000000771c00000,0x0000000772680000)
 ParOldGen       total 101888K, used 9925K [0x00000006c0e00000, 0x00000006c7180000, 0x000000076af80000)
  object space 101888K, 9% used [0x00000006c0e00000,0x00000006c17b1690,0x00000006c7180000)
 Metaspace       used 26169K, capacity 27360K, committed 27648K, reserved 1073152K
  class space    used 3565K, capacity 3822K, committed 3840K, reserved 1048576K
}

Deoptimization events (0 events):
No events

Internal exceptions (10 events):
Event: 1.940 Thread 0x0000000002cd4000 Exception <a 'java/lang/ArrayIndexOutOfBoundsException'> (0x000000076d24d760) thrown at [D:\re\workspace\8-2-build-windows-amd64-cygwin\jdk8u77\6540\hotspot\src\share\vm\runtime\sharedRuntime.cpp, line 605]
Event: 1.940 Thread 0x0000000002cd4000 Exception <a 'java/lang/ArrayIndexOutOfBoundsException'> (0x000000076d24fe28) thrown at [D:\re\workspace\8-2-build-windows-amd64-cygwin\jdk8u77\6540\hotspot\src\share\vm\runtime\sharedRuntime.cpp, line 605]
Event: 1.940 Thread 0x0000000002cd4000 Exception <a 'java/lang/ArrayIndexOutOfBoundsException'> (0x000000076d251418) thrown at [D:\re\workspace\8-2-build-windows-amd64-cygwin\jdk8u77\6540\hotspot\src\share\vm\runtime\sharedRuntime.cpp, line 605]
Event: 1.940 Thread 0x0000000002cd4000 Exception <a 'java/lang/ArrayIndexOutOfBoundsException'> (0x000000076d252ef0) thrown at [D:\re\workspace\8-2-build-windows-amd64-cygwin\jdk8u77\6540\hotspot\src\share\vm\runtime\sharedRuntime.cpp, line 605]
Event: 1.951 Thread 0x0000000002cd4000 Exception <a 'java/lang/ArrayIndexOutOfBoundsException'> (0x000000076d37b760) thrown at [D:\re\workspace\8-2-build-windows-amd64-cygwin\jdk8u77\6540\hotspot\src\share\vm\runtime\sharedRuntime.cpp, line 605]
Event: 1.987 Thread 0x0000000002cd4000 Exception <a 'java/lang/ArrayIndexOutOfBoundsException'> (0x000000076d8214b0) thrown at [D:\re\workspace\8-2-build-windows-amd64-cygwin\jdk8u77\6540\hotspot\src\share\vm\runtime\sharedRuntime.cpp, line 605]
Event: 2.001 Thread 0x0000000002cd4000 Exception <a 'java/lang/ArrayIndexOutOfBoundsException'> (0x000000076d9e8838) thrown at [D:\re\workspace\8-2-build-windows-amd64-cygwin\jdk8u77\6540\hotspot\src\share\vm\runtime\sharedRuntime.cpp, line 605]
Event: 2.020 Thread 0x0000000002cd4000 Exception <a 'java/lang/ArrayIndexOutOfBoundsException'> (0x000000076dbec3b8) thrown at [D:\re\workspace\8-2-build-windows-amd64-cygwin\jdk8u77\6540\hotspot\src\share\vm\runtime\sharedRuntime.cpp, line 605]
Event: 2.020 Thread 0x0000000002cd4000 Exception <a 'java/lang/ArrayIndexOutOfBoundsException'> (0x000000076dbed378) thrown at [D:\re\workspace\8-2-build-windows-amd64-cygwin\jdk8u77\6540\hotspot\src\share\vm\runtime\sharedRuntime.cpp, line 605]
Event: 2.020 Thread 0x0000000002cd4000 Exception <a 'java/lang/ArrayIndexOutOfBoundsException'> (0x000000076dbef398) thrown at [D:\re\workspace\8-2-build-windows-amd64-cygwin\jdk8u77\6540\hotspot\src\share\vm\runtime\sharedRuntime.cpp, line 605]

Events (10 events):
Event: 8.649 loading class org/springframework/web/context/request/async/AsyncWebRequest
Event: 8.649 loading class org/springframework/web/context/request/async/AsyncWebRequest done
Event: 8.649 loading class javax/servlet/AsyncListener
Event: 8.649 loading class javax/servlet/AsyncListener done
Event: 8.649 loading class org/springframework/web/context/request/async/AsyncWebRequest
Event: 8.649 loading class org/springframework/web/context/request/async/AsyncWebRequest done
Event: 8.649 loading class org/springframework/web/context/request/async/AsyncWebRequest
Event: 8.649 loading class org/springframework/web/context/request/async/AsyncWebRequest done
Event: 8.649 loading class jni/client
Event: 8.649 loading class jni/client done


Dynamic libraries:
0x00007ff6fb240000 - 0x00007ff6fb277000 	C:\Program Files\Java\jre1.8.0_77\bin\javaw.exe
0x00007ffc87930000 - 0x00007ffc87b11000 	C:\WINDOWS\SYSTEM32\ntdll.dll
0x00007ffc87420000 - 0x00007ffc874d2000 	C:\WINDOWS\System32\KERNEL32.DLL
0x00007ffc83d00000 - 0x00007ffc83f73000 	C:\WINDOWS\System32\KERNELBASE.dll
0x00007ffc874f0000 - 0x00007ffc87591000 	C:\WINDOWS\System32\ADVAPI32.dll
0x00007ffc856b0000 - 0x00007ffc8574e000 	C:\WINDOWS\System32\msvcrt.dll
0x00007ffc870c0000 - 0x00007ffc8711b000 	C:\WINDOWS\System32\sechost.dll
0x00007ffc85a60000 - 0x00007ffc85b84000 	C:\WINDOWS\System32\RPCRT4.dll
0x00007ffc85860000 - 0x00007ffc859f0000 	C:\WINDOWS\System32\USER32.dll
0x00007ffc83f80000 - 0x00007ffc83fa0000 	C:\WINDOWS\System32\win32u.dll
0x00007ffc87120000 - 0x00007ffc87148000 	C:\WINDOWS\System32\GDI32.dll
0x00007ffc83fa0000 - 0x00007ffc84132000 	C:\WINDOWS\System32\gdi32full.dll
0x00007ffc84ca0000 - 0x00007ffc84d3f000 	C:\WINDOWS\System32\msvcp_win.dll
0x00007ffc84330000 - 0x00007ffc8442a000 	C:\WINDOWS\System32\ucrtbase.dll
0x00007ffc78f70000 - 0x00007ffc791d9000 	C:\WINDOWS\WinSxS\amd64_microsoft.windows.common-controls_6595b64144ccf1df_6.0.17134.590_none_fb3d9bff3069e088\COMCTL32.dll
0x00007ffc84dc0000 - 0x00007ffc850e2000 	C:\WINDOWS\System32\combase.dll
0x00007ffc84d40000 - 0x00007ffc84dba000 	C:\WINDOWS\System32\bcryptPrimitives.dll
0x00007ffc87150000 - 0x00007ffc8717d000 	C:\WINDOWS\System32\IMM32.DLL
0x000000006a1c0000 - 0x000000006a292000 	C:\Program Files\Java\jre1.8.0_77\bin\msvcr100.dll
0x000000006a370000 - 0x000000006ac00000 	C:\Program Files\Java\jre1.8.0_77\bin\server\jvm.dll
0x00007ffc874e0000 - 0x00007ffc874e8000 	C:\WINDOWS\System32\PSAPI.DLL
0x00007ffc810c0000 - 0x00007ffc810e3000 	C:\WINDOWS\SYSTEM32\WINMM.dll
0x00007ffc7e1d0000 - 0x00007ffc7e1da000 	C:\WINDOWS\SYSTEM32\VERSION.dll
0x00007ffc804e0000 - 0x00007ffc804e9000 	C:\WINDOWS\SYSTEM32\WSOCK32.dll
0x00007ffc859f0000 - 0x00007ffc85a5c000 	C:\WINDOWS\System32\WS2_32.dll
0x00007ffc80690000 - 0x00007ffc806ba000 	C:\WINDOWS\SYSTEM32\WINMMBASE.dll
0x00007ffc84b40000 - 0x00007ffc84b89000 	C:\WINDOWS\System32\cfgmgr32.dll
0x000000006a360000 - 0x000000006a36f000 	C:\Program Files\Java\jre1.8.0_77\bin\verify.dll
0x000000006a330000 - 0x000000006a359000 	C:\Program Files\Java\jre1.8.0_77\bin\java.dll
0x000000006a310000 - 0x000000006a326000 	C:\Program Files\Java\jre1.8.0_77\bin\zip.dll
0x00007ffc85bb0000 - 0x00007ffc86ff0000 	C:\WINDOWS\System32\SHELL32.dll
0x00007ffc85750000 - 0x00007ffc857f9000 	C:\WINDOWS\System32\shcore.dll
0x00007ffc84430000 - 0x00007ffc84b3d000 	C:\WINDOWS\System32\windows.storage.dll
0x00007ffc873a0000 - 0x00007ffc873f1000 	C:\WINDOWS\System32\shlwapi.dll
0x00007ffc83cc0000 - 0x00007ffc83cd1000 	C:\WINDOWS\System32\kernel.appcore.dll
0x00007ffc83ce0000 - 0x00007ffc83cff000 	C:\WINDOWS\System32\profapi.dll
0x00007ffc83c40000 - 0x00007ffc83c8c000 	C:\WINDOWS\System32\powrprof.dll
0x00007ffc83c90000 - 0x00007ffc83c9a000 	C:\WINDOWS\System32\FLTLIB.DLL
0x000000006a1b0000 - 0x000000006a1bd000 	C:\Program Files\Java\jre1.8.0_77\bin\management.dll
0x000000006a2f0000 - 0x000000006a30a000 	C:\Program Files\Java\jre1.8.0_77\bin\net.dll
0x00007ffc834c0000 - 0x00007ffc83526000 	C:\WINDOWS\system32\mswsock.dll
0x000000006a2d0000 - 0x000000006a2e1000 	C:\Program Files\Java\jre1.8.0_77\bin\nio.dll
0x00007ffc5d5c0000 - 0x00007ffc5d5d6000 	C:\WINDOWS\system32\napinsp.dll
0x00007ffc5d470000 - 0x00007ffc5d48a000 	C:\WINDOWS\system32\pnrpnsp.dll
0x00007ffc80220000 - 0x00007ffc80239000 	C:\WINDOWS\system32\NLAapi.dll
0x00007ffc83280000 - 0x00007ffc8333e000 	C:\WINDOWS\SYSTEM32\DNSAPI.dll
0x00007ffc87410000 - 0x00007ffc87418000 	C:\WINDOWS\System32\NSI.dll
0x00007ffc83240000 - 0x00007ffc83278000 	C:\WINDOWS\SYSTEM32\IPHLPAPI.DLL
0x00007ffc73b50000 - 0x00007ffc73b5e000 	C:\WINDOWS\System32\winrnr.dll
0x00007ffc7d250000 - 0x00007ffc7d265000 	C:\WINDOWS\System32\wshbth.dll
0x00007ffc7cb00000 - 0x00007ffc7cb0a000 	C:\Windows\System32\rasadhlp.dll
0x00007ffc7cb10000 - 0x00007ffc7cb82000 	C:\WINDOWS\System32\fwpuclnt.dll
0x00007ffc837a0000 - 0x00007ffc837c5000 	C:\WINDOWS\SYSTEM32\bcrypt.dll
0x00007ffc83670000 - 0x00007ffc83687000 	C:\WINDOWS\SYSTEM32\CRYPTSP.dll
0x00007ffc830a0000 - 0x00007ffc830d3000 	C:\WINDOWS\system32\rsaenh.dll
0x00007ffc83b70000 - 0x00007ffc83b98000 	C:\WINDOWS\SYSTEM32\USERENV.dll
0x00007ffc83690000 - 0x00007ffc8369b000 	C:\WINDOWS\SYSTEM32\CRYPTBASE.dll
0x00007ffc7d1e0000 - 0x00007ffc7d1f6000 	C:\WINDOWS\SYSTEM32\dhcpcsvc6.DLL
0x00007ffc7d1c0000 - 0x00007ffc7d1da000 	C:\WINDOWS\SYSTEM32\dhcpcsvc.DLL
0x00007ffc6adb0000 - 0x00007ffc6adde000 	C:\Windows\System32\JNIWin.dll
0x00007ffc6ad80000 - 0x00007ffc6ada2000 	C:\WINDOWS\SYSTEM32\VCRUNTIME140D.dll
0x00007ffc4c3a0000 - 0x00007ffc4c496000 	C:\WINDOWS\SYSTEM32\MSVCP140D.dll
0x00007ffc48fe0000 - 0x00007ffc4919e000 	C:\WINDOWS\SYSTEM32\ucrtbased.dll
0x00007ffc74d20000 - 0x00007ffc74ee9000 	C:\WINDOWS\SYSTEM32\dbghelp.dll

VM Arguments:
jvm_args: -Dcom.sun.management.jmxremote -Dcom.sun.management.jmxremote.port=11410 -Dcom.sun.management.jmxremote.authenticate=false -Dcom.sun.management.jmxremote.ssl=false -Djava.rmi.server.hostname=localhost -Dspring.jmx.enabled=true -Dspring.liveBeansView.mbeanDomain -Dspring.application.admin.enabled=true -Xverify:none -XX:TieredStopAtLevel=1 -Dfile.encoding=UTF-8 
java_command: com.hello.jni.HelloApplication --spring.output.ansi.enabled=always
java_class_path (initial): D:\workspace-sts-3.9.8.RELEASE\hello\target\classes;C:\Users\DBIS\.m2\repository\org\springframework\boot\spring-boot-starter-web\2.1.4.RELEASE\spring-boot-starter-web-2.1.4.RELEASE.jar;C:\Users\DBIS\.m2\repository\org\springframework\boot\spring-boot-starter\2.1.4.RELEASE\spring-boot-starter-2.1.4.RELEASE.jar;C:\Users\DBIS\.m2\repository\org\springframework\boot\spring-boot\2.1.4.RELEASE\spring-boot-2.1.4.RELEASE.jar;C:\Users\DBIS\.m2\repository\org\springframework\boot\spring-boot-autoconfigure\2.1.4.RELEASE\spring-boot-autoconfigure-2.1.4.RELEASE.jar;C:\Users\DBIS\.m2\repository\org\springframework\boot\spring-boot-starter-logging\2.1.4.RELEASE\spring-boot-starter-logging-2.1.4.RELEASE.jar;C:\Users\DBIS\.m2\repository\ch\qos\logback\logback-classic\1.2.3\logback-classic-1.2.3.jar;C:\Users\DBIS\.m2\repository\ch\qos\logback\logback-core\1.2.3\logback-core-1.2.3.jar;C:\Users\DBIS\.m2\repository\org\apache\logging\log4j\log4j-to-slf4j\2.11.2\log4j-to-slf4j-2.11.2.jar;C:\Users\DBIS\.m2\repository\org\apache\logging\log4j\log4j-api\2.11.2\log4j-api-2.11.2.jar;C:\Users\DBIS\.m2\repository\org\slf4j\jul-to-slf4j\1.7.26\jul-to-slf4j-1.7.26.jar;C:\Users\DBIS\.m2\repository\javax\annotation\javax.annotation-api\1.3.2\javax.annotation-api-1.3.2.jar;C:\Users\DBIS\.m2\repository\org\yaml\snakeyaml\1.23\snakeyaml-1.23.jar;C:\Users\DBIS\.m2\repository\org\springframework\boot\spring-boot-starter-json\2.1.4.RELEASE\spring-boot-starter-json-2.1.4.RELEASE.jar;C:\Users\DBIS\.m2\repository\com\fasterxml\jackson\core\jackson-databind\2.9.8\jackson-databind-2.9.8.jar;C:\Users\DBIS\.m2\repository\com\fasterxml\jackson\core\jackson-annotations\2.9.0\jackson-annotations-2.9.0.jar;C:\Users\DBIS\.m2\repository\com\fasterxml\jackson\core\jackson-core\2.9.8\jackson-core-2.9.8.jar;C:\Users\DBIS\.m2\repository\com\fasterxml\jackson\datatype\jackson-datatype-jdk8\2.9.8\jackson-datatype-jdk8-2.9.8.jar;C:\Users\DBIS\.m2\repository\com\fasterxml\jackson\datatype\jackso
Launcher Type: SUN_STANDARD

Environment Variables:
JAVA_HOME=C:\Program Files\Java\jdk-11.0.2
CLASSPATH=.;C:\Program Files\Java\jdk-11.0.2\lib;C:\Program Files\Java\jdk-11.0.2\lib\dt.jar;C:\Program Files\Java\jdk-11.0.2\lib\tools.jar;D:\Program Files\Weka-3-8\lib\mysql-connector-java-5.1.39-bin.jar.;D:\Program Files\Weka-3-8/lib/mssql-jdbc-6.2.2.jre7.jar.;D:\Program Files\Weka-3-8/lib/mssql-jdbc-6.2.2.jre7.jar
PATH=C:/Program Files/Java/jre1.8.0_77/bin/server;C:/Program Files/Java/jre1.8.0_77/bin;C:/Program Files/Java/jre1.8.0_77/lib/amd64;C:\ProgramData\Oracle\Java\javapath;C:\WINDOWS\system32;C:\WINDOWS;C:\WINDOWS\System32\Wbem;C:\WINDOWS\System32\WindowsPowerShell\v1.0\;C:\WINDOWS\System32\OpenSSH\;C:\WINDOWS\system32\config\systemprofile\.dnx\bin;C:\Program Files\Microsoft DNX\Dnvm\;C:\Program Files\Microsoft SQL Server\130\Tools\Binn\;C:\Program Files (x86)\Windows Kits\10\Windows Performance Toolkit\;C:\Program Files\Pandoc\;D:\CTEX\UserData\miktex\bin;D:\CTEX\MiKTeX\miktex\bin;D:\CTEX\CTeX\ctex\bin;D:\CTEX\CTeX\cct\bin;D:\CTEX\CTeX\ty\bin;D:\CTEX\Ghostscript\gs9.05\bin;D:\CTEX\GSview\gsview;D:\CTEX\WinEdt;D:\Program Files\python;C:\Program Files\Java\jdk-11.0.2\bin;C:\Program Files\Java\jdk-11.0.2\jre\bin;C:\Program Files\Microsoft SQL Server\110\DTS\Binn\;C:\Program Files (x86)\Microsoft SQL Server\110\Tools\Binn\;C:\Program Files\Microsoft SQL Server\110\Tools\Binn\;C:\Program Files (x86)\Microsoft SQL Server\110\Tools\Binn\ManagementStudio\;C:\Program Files (x86)\Microsoft Visual Studio 10.0\Common7\IDE\PrivateAssemblies\;C:\Program Files (x86)\Microsoft SQL Server\110\DTS\Binn\;D:\Program Files\nodejs\;D:\Program Files\Git\cmd;%MAVEN_HOME%\bin\;C:\Users\DBIS\AppData\Local\Microsoft\WindowsApps;C:\Users\DBIS\AppData\Roaming\npm;D:\Program Files\JetBrains\IntelliJ IDEA Community Edition 2019.1.1\bin;;D:\spring-tool-suite-3.9.8.RELEASE-e4.11.0-win32-x86_64\sts-bundle\sts-3.9.8.RELEASE;
USERNAME=DBIS
OS=Windows_NT
PROCESSOR_IDENTIFIER=Intel64 Family 6 Model 94 Stepping 3, GenuineIntel



---------------  S Y S T E M  ---------------

OS: Windows 10.0 , 64 bit Build 17134 (10.0.17134.556)

CPU:total 8 (4 cores per cpu, 2 threads per core) family 6 model 94 stepping 3, cmov, cx8, fxsr, mmx, sse, sse2, sse3, ssse3, sse4.1, sse4.2, popcnt, avx, avx2, aes, clmul, erms, rtm, 3dnowpref, lzcnt, ht, tsc, tscinvbit, bmi1, bmi2, adx

Memory: 4k page, physical 16714580k(8002548k free), swap 19204948k(7379312k free)

vm_info: Java HotSpot(TM) 64-Bit Server VM (25.77-b03) for windows-amd64 JRE (1.8.0_77-b03), built on Mar 20 2016 22:01:33 by "java_re" with MS VC++ 10.0 (VS2010)

time: Mon May 06 17:23:37 2019
elapsed time: 8 seconds (0d 0h 0m 8s)

